[0.018s] Invoking command in '/home/mirellameelo/openvslam/ros2/build/openvslam': CMAKE_PREFIX_PATH=${CMAKE_PREFIX_PATH}:/home/mirellameelo/ws/vision_opencv/install/opencv_tests:/opt/ros/dashing /usr/bin/cmake --build /home/mirellameelo/openvslam/ros2/build/openvslam -- -j12 -l12
[0.043s] -- Root directory of OpenVSLAM: /home/mirellameelo/openvslam
[0.043s] -- Source directory of OpenVSLAM: /home/mirellameelo/openvslam/src
[0.043s] -- Library directory of OpenVSLAM: /home/mirellameelo/openvslam/build/lib
[0.043s] -- Build type: Release
[0.043s] -- Address/Memory sanitizer: DISABLED
[0.043s] -- Stack trace logger: DISABLED
[0.043s] -- Google Perftools: DISABLED
[0.043s] -- Architecture-aware optimization (-march=native): DISABLED
[0.044s] -- C++11 support: OK (-std=c++17)
[0.044s] -- Found ament_cmake: 0.7.4 (/opt/ros/dashing/share/ament_cmake/cmake)
[0.069s] -- Using PYTHON_EXECUTABLE: /usr/bin/python3
[0.232s] -- Override CMake install command with custom implementation using symlinks instead of copying resources
[0.236s] -- Found rclcpp: 0.7.13 (/opt/ros/dashing/share/rclcpp/cmake)
[0.246s] -- Found rosidl_adapter: 0.7.9 (/opt/ros/dashing/share/rosidl_adapter/cmake)
[0.269s] -- Found rmw_implementation_cmake: 0.7.2 (/opt/ros/dashing/share/rmw_implementation_cmake/cmake)
[0.271s] -- Using RMW implementation 'rmw_fastrtps_cpp' as default
[0.289s] -- Found cv_bridge: 2.1.3 (/home/mirellameelo/ws/vision_opencv/install/cv_bridge/share/cv_bridge/cmake)
[0.295s] -- Found image_transport: 2.1.1 (/home/mirellameelo/ws/image_common-dashing/install/image_transport/share/image_transport/cmake)
[0.327s] -- Found tinyxml2_vendor:  (/opt/ros/dashing/share/tinyxml2_vendor/cmake)
[0.335s] -- Found poco_vendor:  (/opt/ros/dashing/share/poco_vendor/cmake)
[0.344s] -- Use OpenCV 3.4.0
[0.346s] -- BoW framework: DBoW2 (found in /usr/local/include)
[0.347s] -- Viewer for examples: pangolin viewer
[0.451s] -- Configuring done
[0.497s] -- Generating done
[0.499s] -- Build files have been written to: /home/mirellameelo/openvslam/ros2/build/openvslam
[0.526s] [35m[1mScanning dependencies of target run_localization[0m
[0.552s] [ 50%] Built target run_slam
[0.575s] [ 75%] [32mBuilding CXX object src/CMakeFiles/run_localization.dir/run_localization.cc.o[0m
[3.354s] [01m[K/home/mirellameelo/openvslam/ros2/src/openvslam/src/run_localization.cc:[m[K In function â€˜[01m[Kvoid mono_localization(const std::shared_ptr<openvslam::config>&, const string&, const string&, const string&, bool)[m[Kâ€™:
[3.355s] [01m[K/home/mirellameelo/openvslam/ros2/src/openvslam/src/run_localization.cc:67:64:[m[K [01;31m[Kerror: [m[Kâ€˜[01m[KPose[m[Kâ€™ is not a member of â€˜[01m[Knav_msgs::msg[m[Kâ€™
[3.355s]      auto odometry_pub_ = node->create_publisher<nav_msgs::msg::[01;31m[KPose[m[K>("pose");
[3.355s]                                                                 [01;31m[K^~~~[m[K
[3.355s] [01m[K/home/mirellameelo/openvslam/ros2/src/openvslam/src/run_localization.cc:67:64:[m[K [01;36m[Knote: [m[Ksuggested alternative:
[3.355s] In file included from [01m[K/opt/ros/dashing/include/geometry_msgs/msg/pose_with_covariance__struct.hpp:29:0[m[K,
[3.355s]                  from [01m[K/opt/ros/dashing/include/nav_msgs/msg/odometry__struct.hpp:31[m[K,
[3.356s]                  from [01m[K/opt/ros/dashing/include/nav_msgs/msg/odometry.hpp:7[m[K,
[3.356s]                  from [01m[K/home/mirellameelo/openvslam/ros2/src/openvslam/src/run_localization.cc:15[m[K:
[3.356s] [01m[K/opt/ros/dashing/include/geometry_msgs/msg/pose__struct.hpp:145:50:[m[K [01;36m[Knote: [m[K  â€˜[01m[Kgeometry_msgs::msg::Pose[m[Kâ€™
[3.356s]    geometry_msgs::msg::Pose_<std::allocator<void>>[01;36m[K;[m[K
[3.356s]                                                   [01;36m[K^[m[K
[3.356s] [01m[K/home/mirellameelo/openvslam/ros2/src/openvslam/src/run_localization.cc:67:76:[m[K [01;31m[Kerror: [m[Kno matching function for call to â€˜[01m[Krclcpp::Node::create_publisher<<expression error> >(const char [5])[m[Kâ€™
[3.356s]      auto odometry_pub_ = node->create_publisher<nav_msgs::msg::Pose>("pose"[01;31m[K)[m[K;
[3.356s]                                                                             [01;31m[K^[m[K
[3.356s] In file included from [01m[K/opt/ros/dashing/include/rclcpp/executors/single_threaded_executor.hpp:28:0[m[K,
[3.356s]                  from [01m[K/opt/ros/dashing/include/rclcpp/executors.hpp:22[m[K,
[3.356s]                  from [01m[K/opt/ros/dashing/include/rclcpp/rclcpp.hpp:144[m[K,
[3.356s]                  from [01m[K/home/mirellameelo/openvslam/ros2/src/openvslam/src/run_localization.cc:14[m[K:
[3.356s] [01m[K/opt/ros/dashing/include/rclcpp/node.hpp:177:3:[m[K [01;36m[Knote: [m[Kcandidate: template<class MessageT, class AllocatorT, class PublisherT> std::shared_ptr<PublisherT> rclcpp::Node::create_publisher(const string&, const rclcpp::QoS&, const rclcpp::PublisherOptionsWithAllocator<AllocatorT>&)
[3.356s]    [01;36m[Kcreate_publisher[m[K(
[3.356s]    [01;36m[K^~~~~~~~~~~~~~~~[m[K
[3.356s] [01m[K/opt/ros/dashing/include/rclcpp/node.hpp:177:3:[m[K [01;36m[Knote: [m[K  template argument deduction/substitution failed:
[3.357s] [01m[K/home/mirellameelo/openvslam/ros2/src/openvslam/src/run_localization.cc:67:76:[m[K [01;31m[Kerror: [m[Ktemplate argument 1 is invalid
[3.357s]      auto odometry_pub_ = node->create_publisher<nav_msgs::msg::Pose>("pose"[01;31m[K)[m[K;
[3.357s]                                                                             [01;31m[K^[m[K
[3.357s] In file included from [01m[K/opt/ros/dashing/include/rclcpp/executors/single_threaded_executor.hpp:28:0[m[K,
[3.357s]                  from [01m[K/opt/ros/dashing/include/rclcpp/executors.hpp:22[m[K,
[3.357s]                  from [01m[K/opt/ros/dashing/include/rclcpp/rclcpp.hpp:144[m[K,
[3.357s]                  from [01m[K/home/mirellameelo/openvslam/ros2/src/openvslam/src/run_localization.cc:14[m[K:
[3.357s] [01m[K/opt/ros/dashing/include/rclcpp/node.hpp:198:3:[m[K [01;36m[Knote: [m[Kcandidate: template<class MessageT, class AllocatorT, class PublisherT> std::shared_ptr<PublisherT> rclcpp::Node::create_publisher(const string&, size_t, std::shared_ptr<_Up>)
[3.357s]    [01;36m[Kcreate_publisher[m[K(
[3.357s]    [01;36m[K^~~~~~~~~~~~~~~~[m[K
[3.357s] [01m[K/opt/ros/dashing/include/rclcpp/node.hpp:198:3:[m[K [01;36m[Knote: [m[K  template argument deduction/substitution failed:
[3.357s] [01m[K/home/mirellameelo/openvslam/ros2/src/openvslam/src/run_localization.cc:67:76:[m[K [01;31m[Kerror: [m[Ktemplate argument 1 is invalid
[3.357s]      auto odometry_pub_ = node->create_publisher<nav_msgs::msg::Pose>("pose"[01;31m[K)[m[K;
[3.357s]                                                                             [01;31m[K^[m[K
[3.357s] In file included from [01m[K/opt/ros/dashing/include/rclcpp/executors/single_threaded_executor.hpp:28:0[m[K,
[3.357s]                  from [01m[K/opt/ros/dashing/include/rclcpp/executors.hpp:22[m[K,
[3.358s]                  from [01m[K/opt/ros/dashing/include/rclcpp/rclcpp.hpp:144[m[K,
[3.358s]                  from [01m[K/home/mirellameelo/openvslam/ros2/src/openvslam/src/run_localization.cc:14[m[K:
[3.358s] [01m[K/opt/ros/dashing/include/rclcpp/node.hpp:217:3:[m[K [01;36m[Knote: [m[Kcandidate: template<class MessageT, class AllocatorT, class PublisherT> std::shared_ptr<PublisherT> rclcpp::Node::create_publisher(const string&, const rmw_qos_profile_t&, std::shared_ptr<_Up>)
[3.358s]    [01;36m[Kcreate_publisher[m[K(
[3.358s]    [01;36m[K^~~~~~~~~~~~~~~~[m[K
[3.358s] [01m[K/opt/ros/dashing/include/rclcpp/node.hpp:217:3:[m[K [01;36m[Knote: [m[K  template argument deduction/substitution failed:
[3.358s] [01m[K/home/mirellameelo/openvslam/ros2/src/openvslam/src/run_localization.cc:67:76:[m[K [01;31m[Kerror: [m[Ktemplate argument 1 is invalid
[3.358s]      auto odometry_pub_ = node->create_publisher<nav_msgs::msg::Pose>("pose"[01;31m[K)[m[K;
[3.358s]                                                                             [01;31m[K^[m[K
[4.949s] make[2]: *** [src/CMakeFiles/run_localization.dir/run_localization.cc.o] Error 1
[4.950s] src/CMakeFiles/run_localization.dir/build.make:62: recipe for target 'src/CMakeFiles/run_localization.dir/run_localization.cc.o' failed
[4.950s] CMakeFiles/Makefile2:156: recipe for target 'src/CMakeFiles/run_localization.dir/all' failed
[4.950s] Makefile:140: recipe for target 'all' failed
[4.950s] make[1]: *** [src/CMakeFiles/run_localization.dir/all] Error 2
[4.950s] make: *** [all] Error 2
[4.952s] Invoked command in '/home/mirellameelo/openvslam/ros2/build/openvslam' returned '2': CMAKE_PREFIX_PATH=${CMAKE_PREFIX_PATH}:/home/mirellameelo/ws/vision_opencv/install/opencv_tests:/opt/ros/dashing /usr/bin/cmake --build /home/mirellameelo/openvslam/ros2/build/openvslam -- -j12 -l12
