[0.020s] Invoking command in '/home/mirellameelo/openvslam/ros2/build/openvslam': CMAKE_PREFIX_PATH=${CMAKE_PREFIX_PATH}:/home/mirellameelo/ws/vision_opencv/install/opencv_tests:/opt/ros/dashing /usr/bin/cmake --build /home/mirellameelo/openvslam/ros2/build/openvslam -- -j12 -l12
[0.066s] [35m[1mScanning dependencies of target run_localization[0m
[0.087s] [ 50%] Built target run_slam
[0.112s] [ 75%] [32mBuilding CXX object src/CMakeFiles/run_localization.dir/run_localization.cc.o[0m
[2.853s] [01m[K/home/mirellameelo/openvslam/ros2/src/openvslam/src/run_localization.cc:[m[K In lambda function:
[2.853s] [01m[K/home/mirellameelo/openvslam/ros2/src/openvslam/src/run_localization.cc:89:41:[m[K [01;35m[Kwarning: [m[Kvariable â€˜[01m[Kcam_pose_[m[Kâ€™ set but not used [[01;35m[K-Wunused-but-set-variable[m[K]
[2.853s]              Eigen::Matrix<double, 4, 4> [01;35m[Kcam_pose_[m[K = SLAM.feed_monocular_frame(cv_bridge::toCvShare(msg, "bgr8")->image, timestamp, mask);
[2.853s]                                          [01;35m[K^~~~~~~~~[m[K
[2.856s] [01m[K/home/mirellameelo/openvslam/ros2/src/openvslam/src/run_localization.cc:[m[K In function â€˜[01m[Kvoid mono_localization(const std::shared_ptr<openvslam::config>&, const string&, const string&, const string&, bool)[m[Kâ€™:
[2.856s] [01m[K/home/mirellameelo/openvslam/ros2/src/openvslam/src/run_localization.cc:109:13:[m[K [01;31m[Kerror: [m[Kexpected initializer before â€˜[01m[Kcam_pose_[m[Kâ€™
[2.856s]              [01;31m[Kcam_pose_[m[K = SLAM.feed_monocular_frame(cv_bridge::toCvShare(msg, "bgr8")->image, timestamp, mask);
[2.856s]              [01;31m[K^~~~~~~~~[m[K
[2.856s] [01m[K/home/mirellameelo/openvslam/ros2/src/openvslam/src/run_localization.cc:112:47:[m[K [01;31m[Kerror: [m[Kâ€˜[01m[Kcam_pose_[m[Kâ€™ was not declared in this scope
[2.856s]              Eigen::Matrix3d rotation_matrix = [01;31m[Kcam_pose_[m[K.block(0, 0, 3, 3);
[2.856s]                                                [01;31m[K^~~~~~~~~[m[K
[4.585s] src/CMakeFiles/run_localization.dir/build.make:62: recipe for target 'src/CMakeFiles/run_localization.dir/run_localization.cc.o' failed
[4.585s] make[2]: *** [src/CMakeFiles/run_localization.dir/run_localization.cc.o] Error 1
[4.586s] make[1]: *** [src/CMakeFiles/run_localization.dir/all] Error 2
[4.586s] make: *** [all] Error 2
[4.586s] CMakeFiles/Makefile2:156: recipe for target 'src/CMakeFiles/run_localization.dir/all' failed
[4.586s] Makefile:140: recipe for target 'all' failed
[4.588s] Invoked command in '/home/mirellameelo/openvslam/ros2/build/openvslam' returned '2': CMAKE_PREFIX_PATH=${CMAKE_PREFIX_PATH}:/home/mirellameelo/ws/vision_opencv/install/opencv_tests:/opt/ros/dashing /usr/bin/cmake --build /home/mirellameelo/openvslam/ros2/build/openvslam -- -j12 -l12
