[0.058s] [35m[1mScanning dependencies of target run_localization[0m
[0.087s] [ 50%] Built target run_slam
[0.097s] [ 75%] [32mBuilding CXX object src/CMakeFiles/run_localization.dir/run_localization.cc.o[0m
[2.954s] [01m[K/home/mirellameelo/openvslam/ros2/src/openvslam/src/run_localization.cc:[m[K In lambda function:
[2.954s] [01m[K/home/mirellameelo/openvslam/ros2/src/openvslam/src/run_localization.cc:91:95:[m[K [01;31m[Kerror: [m[Kâ€˜[01m[Ktp_2[m[Kâ€™ was not declared in this scope
[2.955s]              const auto track_time = std::chrono::duration_cast<std::chrono::duration<double>>([01;31m[Ktp_2[m[K - tp_1).count();
[2.955s]                                                                                                [01;31m[K^~~~[m[K
[2.957s] [01m[K/home/mirellameelo/openvslam/ros2/src/openvslam/src/run_localization.cc:91:95:[m[K [01;36m[Knote: [m[Ksuggested alternative: â€˜[01m[Ktp_0[m[Kâ€™
[2.957s]              const auto track_time = std::chrono::duration_cast<std::chrono::duration<double>>([01;36m[Ktp_2[m[K - tp_1).count();
[2.958s]                                                                                                [01;36m[K^~~~[m[K
[2.958s]                                                                                                [32m[Ktp_0[m[K
[2.965s] [01m[K/home/mirellameelo/openvslam/ros2/src/openvslam/src/run_localization.cc:[m[K In function â€˜[01m[Kvoid mono_localization(const std::shared_ptr<openvslam::config>&, const string&, const string&, const string&, bool)[m[Kâ€™:
[2.965s] [01m[K/home/mirellameelo/openvslam/ros2/src/openvslam/src/run_localization.cc:107:43:[m[K [01;31m[Kerror: [m[Kâ€˜[01m[Kcam_pose_[m[Kâ€™ was not declared in this scope
[2.965s]          Eigen::Matrix3d rotation_matrix = [01;31m[Kcam_pose_[m[K.block(0, 0, 3, 3);
[2.965s]                                            [01;31m[K^~~~~~~~~[m[K
[2.980s] [01m[K/home/mirellameelo/openvslam/ros2/src/openvslam/src/run_localization.cc:129:9:[m[K [01;31m[Kerror: [m[Kâ€˜[01m[Kpub_rate[m[Kâ€™ was not declared in this scope
[2.980s]          [01;31m[Kpub_rate[m[K.sleep();
[2.980s]          [01;31m[K^~~~~~~~[m[K
[2.983s] [01m[K/home/mirellameelo/openvslam/ros2/src/openvslam/src/run_localization.cc:129:9:[m[K [01;36m[Knote: [m[Ksuggested alternative: â€˜[01m[Kpwrite[m[Kâ€™
[2.984s]          [01;36m[Kpub_rate[m[K.sleep();
[2.984s]          [01;36m[K^~~~~~~~[m[K
[2.984s]          [32m[Kpwrite[m[K
[4.707s] make[2]: *** [src/CMakeFiles/run_localization.dir/run_localization.cc.o] Error 1
[4.708s] make[1]: *** [src/CMakeFiles/run_localization.dir/all] Error 2
[4.708s] make: *** [all] Error 2
[4.708s] src/CMakeFiles/run_localization.dir/build.make:62: recipe for target 'src/CMakeFiles/run_localization.dir/run_localization.cc.o' failed
[4.708s] CMakeFiles/Makefile2:156: recipe for target 'src/CMakeFiles/run_localization.dir/all' failed
[4.708s] Makefile:140: recipe for target 'all' failed
