[0.020s] Invoking command in '/home/mirellameelo/openvslam/ros2/build/openvslam': CMAKE_PREFIX_PATH=${CMAKE_PREFIX_PATH}:/home/mirellameelo/ws/vision_opencv/install/opencv_tests:/opt/ros/dashing /usr/bin/cmake --build /home/mirellameelo/openvslam/ros2/build/openvslam -- -j12 -l12
[0.068s] [35m[1mScanning dependencies of target run_localization[0m
[0.093s] [ 50%] Built target run_slam
[0.109s] [ 75%] [32mBuilding CXX object src/CMakeFiles/run_localization.dir/run_localization.cc.o[0m
[3.223s] [01m[K/home/mirellameelo/openvslam/ros2/src/openvslam/src/run_localization.cc:[m[K In function â€˜[01m[Kauto publi(auto:5)[m[Kâ€™:
[3.223s] [01m[K/home/mirellameelo/openvslam/ros2/src/openvslam/src/run_localization.cc:49:5:[m[K [01;31m[Kerror: [m[Kexpected â€˜[01m[K,[m[Kâ€™ or â€˜[01m[K;[m[Kâ€™ before â€˜[01m[Ktf2[m[Kâ€™
[3.223s]      [01;31m[Ktf2[m[K::Vector3 tf_translation_vector(translation_vector(0), translation_vector(1), translation_vector(2))
[3.223s]      [01;31m[K^~~[m[K
[5.045s] make[2]: *** [src/CMakeFiles/run_localization.dir/run_localization.cc.o] Error 1
[5.046s] src/CMakeFiles/run_localization.dir/build.make:62: recipe for target 'src/CMakeFiles/run_localization.dir/run_localization.cc.o' failed
[5.046s] make[1]: *** [src/CMakeFiles/run_localization.dir/all] Error 2
[5.046s] make: *** [all] Error 2
[5.046s] CMakeFiles/Makefile2:156: recipe for target 'src/CMakeFiles/run_localization.dir/all' failed
[5.046s] Makefile:140: recipe for target 'all' failed
[5.048s] Invoked command in '/home/mirellameelo/openvslam/ros2/build/openvslam' returned '2': CMAKE_PREFIX_PATH=${CMAKE_PREFIX_PATH}:/home/mirellameelo/ws/vision_opencv/install/opencv_tests:/opt/ros/dashing /usr/bin/cmake --build /home/mirellameelo/openvslam/ros2/build/openvslam -- -j12 -l12
