[0.020s] Invoking command in '/home/mirellameelo/openvslam/ros2/build/openvslam': CMAKE_PREFIX_PATH=${CMAKE_PREFIX_PATH}:/home/mirellameelo/ws/vision_opencv/install/opencv_tests:/opt/ros/dashing /usr/bin/cmake --build /home/mirellameelo/openvslam/ros2/build/openvslam -- -j12 -l12
[0.098s] [35m[1mScanning dependencies of target run_localization[0m
[0.127s] [ 50%] Built target run_slam
[0.147s] [ 75%] [32mBuilding CXX object src/CMakeFiles/run_localization.dir/run_localization.cc.o[0m
[3.073s] [01m[K/home/mirellameelo/openvslam/ros2/src/openvslam/src/run_localization.cc:[m[K In function â€˜[01m[Kvoid mono_localization(const std::shared_ptr<openvslam::config>&, const string&, const string&, const string&, bool)[m[Kâ€™:
[3.073s] [01m[K/home/mirellameelo/openvslam/ros2/src/openvslam/src/run_localization.cc:66:49:[m[K [01;31m[Kerror: [m[Kâ€˜[01m[Knav_msgs[m[Kâ€™ was not declared in this scope
[3.073s]      auto odometry_pub_ = node->create_publisher<[01;31m[Knav_msgs[m[K::msg::Odometry>("odometry", 1);
[3.073s]                                                  [01;31m[K^~~~~~~~[m[K
[3.076s] [01m[K/home/mirellameelo/openvslam/ros2/src/openvslam/src/run_localization.cc:66:32:[m[K [01;31m[Kerror: [m[Kparse error in template argument list
[3.076s]      auto odometry_pub_ = node->[01;31m[Kcreate_publisher<nav_msgs::msg::Odometry>[m[K("odometry", 1);
[3.077s]                                 [01;31m[K^~~~~~~~~~~~~~~~~~~~~~~~~~~~~~~~~~~~~~~~~[m[K
[3.077s] [01m[K/home/mirellameelo/openvslam/ros2/src/openvslam/src/run_localization.cc:66:87:[m[K [01;31m[Kerror: [m[Kno matching function for call to â€˜[01m[Krclcpp::Node::create_publisher<<expression error> >(const char [9], int)[m[Kâ€™
[3.077s]      auto odometry_pub_ = node->create_publisher<nav_msgs::msg::Odometry>("odometry", 1[01;31m[K)[m[K;
[3.077s]                                                                                        [01;31m[K^[m[K
[3.077s] In file included from [01m[K/opt/ros/dashing/include/rclcpp/executors/single_threaded_executor.hpp:28:0[m[K,
[3.077s]                  from [01m[K/opt/ros/dashing/include/rclcpp/executors.hpp:22[m[K,
[3.077s]                  from [01m[K/opt/ros/dashing/include/rclcpp/rclcpp.hpp:144[m[K,
[3.077s]                  from [01m[K/home/mirellameelo/openvslam/ros2/src/openvslam/src/run_localization.cc:14[m[K:
[3.077s] [01m[K/opt/ros/dashing/include/rclcpp/node.hpp:177:3:[m[K [01;36m[Knote: [m[Kcandidate: template<class MessageT, class AllocatorT, class PublisherT> std::shared_ptr<PublisherT> rclcpp::Node::create_publisher(const string&, const rclcpp::QoS&, const rclcpp::PublisherOptionsWithAllocator<AllocatorT>&)
[3.077s]    [01;36m[Kcreate_publisher[m[K(
[3.077s]    [01;36m[K^~~~~~~~~~~~~~~~[m[K
[3.077s] [01m[K/opt/ros/dashing/include/rclcpp/node.hpp:177:3:[m[K [01;36m[Knote: [m[K  template argument deduction/substitution failed:
[3.077s] [01m[K/home/mirellameelo/openvslam/ros2/src/openvslam/src/run_localization.cc:66:87:[m[K [01;31m[Kerror: [m[Ktemplate argument 1 is invalid
[3.077s]      auto odometry_pub_ = node->create_publisher<nav_msgs::msg::Odometry>("odometry", 1[01;31m[K)[m[K;
[3.077s]                                                                                        [01;31m[K^[m[K
[3.077s] In file included from [01m[K/opt/ros/dashing/include/rclcpp/executors/single_threaded_executor.hpp:28:0[m[K,
[3.078s]                  from [01m[K/opt/ros/dashing/include/rclcpp/executors.hpp:22[m[K,
[3.078s]                  from [01m[K/opt/ros/dashing/include/rclcpp/rclcpp.hpp:144[m[K,
[3.078s]                  from [01m[K/home/mirellameelo/openvslam/ros2/src/openvslam/src/run_localization.cc:14[m[K:
[3.078s] [01m[K/opt/ros/dashing/include/rclcpp/node.hpp:198:3:[m[K [01;36m[Knote: [m[Kcandidate: template<class MessageT, class AllocatorT, class PublisherT> std::shared_ptr<PublisherT> rclcpp::Node::create_publisher(const string&, size_t, std::shared_ptr<_Up>)
[3.078s]    [01;36m[Kcreate_publisher[m[K(
[3.078s]    [01;36m[K^~~~~~~~~~~~~~~~[m[K
[3.078s] [01m[K/opt/ros/dashing/include/rclcpp/node.hpp:198:3:[m[K [01;36m[Knote: [m[K  template argument deduction/substitution failed:
[3.078s] [01m[K/home/mirellameelo/openvslam/ros2/src/openvslam/src/run_localization.cc:66:87:[m[K [01;31m[Kerror: [m[Ktemplate argument 1 is invalid
[3.078s]      auto odometry_pub_ = node->create_publisher<nav_msgs::msg::Odometry>("odometry", 1[01;31m[K)[m[K;
[3.078s]                                                                                        [01;31m[K^[m[K
[3.078s] In file included from [01m[K/opt/ros/dashing/include/rclcpp/executors/single_threaded_executor.hpp:28:0[m[K,
[3.078s]                  from [01m[K/opt/ros/dashing/include/rclcpp/executors.hpp:22[m[K,
[3.078s]                  from [01m[K/opt/ros/dashing/include/rclcpp/rclcpp.hpp:144[m[K,
[3.078s]                  from [01m[K/home/mirellameelo/openvslam/ros2/src/openvslam/src/run_localization.cc:14[m[K:
[3.078s] [01m[K/opt/ros/dashing/include/rclcpp/node.hpp:217:3:[m[K [01;36m[Knote: [m[Kcandidate: template<class MessageT, class AllocatorT, class PublisherT> std::shared_ptr<PublisherT> rclcpp::Node::create_publisher(const string&, const rmw_qos_profile_t&, std::shared_ptr<_Up>)
[3.078s]    [01;36m[Kcreate_publisher[m[K(
[3.078s]    [01;36m[K^~~~~~~~~~~~~~~~[m[K
[3.078s] [01m[K/opt/ros/dashing/include/rclcpp/node.hpp:217:3:[m[K [01;36m[Knote: [m[K  template argument deduction/substitution failed:
[3.079s] [01m[K/home/mirellameelo/openvslam/ros2/src/openvslam/src/run_localization.cc:66:87:[m[K [01;31m[Kerror: [m[Ktemplate argument 1 is invalid
[3.079s]      auto odometry_pub_ = node->create_publisher<nav_msgs::msg::Odometry>("odometry", 1[01;31m[K)[m[K;
[3.079s]                                                                                        [01;31m[K^[m[K
[3.090s] [01m[K/home/mirellameelo/openvslam/ros2/src/openvslam/src/run_localization.cc:[m[K In lambda function:
[3.091s] [01m[K/home/mirellameelo/openvslam/ros2/src/openvslam/src/run_localization.cc:93:13:[m[K [01;31m[Kerror: [m[Kâ€˜[01m[Ktf2[m[Kâ€™ has not been declared
[3.091s]              [01;31m[Ktf2[m[K::Matrix3x3 tf_rotation_matrix(rotation_matrix(0, 0), rotation_matrix(0, 1), rotation_matrix(0, 2),
[3.091s]              [01;31m[K^~~[m[K
[3.091s] [01m[K/home/mirellameelo/openvslam/ros2/src/openvslam/src/run_localization.cc:97:13:[m[K [01;31m[Kerror: [m[Kâ€˜[01m[Ktf2[m[Kâ€™ has not been declared
[3.091s]              [01;31m[Ktf2[m[K::Vector3 tf_translation_vector(translation_vector(0), translation_vector(1), translation_vector(2));
[3.091s]              [01;31m[K^~~[m[K
[3.091s] [01m[K/home/mirellameelo/openvslam/ros2/src/openvslam/src/run_localization.cc:99:13:[m[K [01;31m[Kerror: [m[Kâ€˜[01m[Ktf2[m[Kâ€™ has not been declared
[3.091s]              [01;31m[Ktf2[m[K::Transform transform_tf(tf_rotation_matrix, tf_translation_vector);
[3.091s]              [01;31m[K^~~[m[K
[3.091s] [01m[K/home/mirellameelo/openvslam/ros2/src/openvslam/src/run_localization.cc:102:13:[m[K [01;31m[Kerror: [m[Kâ€˜[01m[Knav_msgs[m[Kâ€™ is not a class, namespace, or enumeration
[3.091s]              [01;31m[Knav_msgs[m[K::msg::Odometry odom_msg_;
[3.092s]              [01;31m[K^~~~~~~~[m[K
[3.092s] [01m[K/home/mirellameelo/openvslam/ros2/src/openvslam/src/run_localization.cc:104:13:[m[K [01;31m[Kerror: [m[Kâ€˜[01m[Kodom_msg_[m[Kâ€™ was not declared in this scope
[3.092s]              [01;31m[Kodom_msg_[m[K.header.stamp = node->now();
[3.092s]              [01;31m[K^~~~~~~~~[m[K
[3.097s] [01m[K/home/mirellameelo/openvslam/ros2/src/openvslam/src/run_localization.cc:108:49:[m[K [01;31m[Kerror: [m[Kâ€˜[01m[Ktransform_tf[m[Kâ€™ was not declared in this scope
[3.097s]              odom_msg_.pose.pose.orientation.x = [01;31m[Ktransform_tf[m[K.getRotation().getX();
[3.097s]                                                  [01;31m[K^~~~~~~~~~~~[m[K
[3.104s] [01m[K/home/mirellameelo/openvslam/ros2/src/openvslam/src/run_localization.cc:108:49:[m[K [01;36m[Knote: [m[Ksuggested alternative: â€˜[01m[KcvTransform[m[Kâ€™
[3.105s]              odom_msg_.pose.pose.orientation.x = [01;36m[Ktransform_tf[m[K.getRotation().getX();
[3.105s]                                                  [01;36m[K^~~~~~~~~~~~[m[K
[3.105s]                                                  [32m[KcvTransform[m[K
[3.106s] [01m[K/home/mirellameelo/openvslam/ros2/src/openvslam/src/run_localization.cc:[m[K In function â€˜[01m[Kvoid mono_localization(const std::shared_ptr<openvslam::config>&, const string&, const string&, const string&, bool)[m[Kâ€™:
[3.106s] [01m[K/home/mirellameelo/openvslam/ros2/src/openvslam/src/run_localization.cc:120:47:[m[K [01;31m[Kerror: [m[Kredeclaration of â€˜[01m[Krclcpp::executors::SingleThreadedExecutor exec[m[Kâ€™
[3.106s]      rclcpp::executors::SingleThreadedExecutor [01;31m[Kexec[m[K;
[3.106s]                                                [01;31m[K^~~~[m[K
[3.106s] [01m[K/home/mirellameelo/openvslam/ros2/src/openvslam/src/run_localization.cc:69:47:[m[K [01;36m[Knote: [m[Kâ€˜[01m[Krclcpp::executors::SingleThreadedExecutor exec[m[Kâ€™ previously declared here
[3.106s]      rclcpp::executors::SingleThreadedExecutor [01;36m[Kexec[m[K;
[3.106s]                                                [01;36m[K^~~~[m[K
[4.816s] make[2]: *** [src/CMakeFiles/run_localization.dir/run_localization.cc.o] Error 1
[4.816s] src/CMakeFiles/run_localization.dir/build.make:62: recipe for target 'src/CMakeFiles/run_localization.dir/run_localization.cc.o' failed
[4.817s] make[1]: *** [src/CMakeFiles/run_localization.dir/all] Error 2
[4.817s] CMakeFiles/Makefile2:156: recipe for target 'src/CMakeFiles/run_localization.dir/all' failed
[4.817s] make: *** [all] Error 2
[4.817s] Makefile:140: recipe for target 'all' failed
[4.818s] Invoked command in '/home/mirellameelo/openvslam/ros2/build/openvslam' returned '2': CMAKE_PREFIX_PATH=${CMAKE_PREFIX_PATH}:/home/mirellameelo/ws/vision_opencv/install/opencv_tests:/opt/ros/dashing /usr/bin/cmake --build /home/mirellameelo/openvslam/ros2/build/openvslam -- -j12 -l12
