[3.107s] [01m[K/home/mirellameelo/openvslam/ros2/src/openvslam/src/run_localization.cc:[m[K In lambda function:
[3.107s] [01m[K/home/mirellameelo/openvslam/ros2/src/openvslam/src/run_localization.cc:104:13:[m[K [01;31m[Kerror: [m[Kâ€˜[01m[Kodom_msg_[m[Kâ€™ was not declared in this scope
[3.107s]              [01;31m[Kodom_msg_[m[K.header.stamp = node->now();
[3.107s]              [01;31m[K^~~~~~~~~[m[K
[4.862s] make[2]: *** [src/CMakeFiles/run_localization.dir/run_localization.cc.o] Error 1
[4.862s] make[1]: *** [src/CMakeFiles/run_localization.dir/all] Error 2
[4.862s] make: *** [all] Error 2
