[3.015s] [01m[K/home/mirellameelo/openvslam/ros2/src/openvslam/src/run_localization.cc:[m[K In lambda function:
[3.015s] [01m[K/home/mirellameelo/openvslam/ros2/src/openvslam/src/run_localization.cc:124:13:[m[K [01;31m[Kerror: [m[Kâ€˜[01m[Kpub_rate[m[Kâ€™ was not declared in this scope
[3.016s]              [01;31m[Kpub_rate[m[K.sleep();
[3.016s]              [01;31m[K^~~~~~~~[m[K
[3.020s] [01m[K/home/mirellameelo/openvslam/ros2/src/openvslam/src/run_localization.cc:124:13:[m[K [01;36m[Knote: [m[Ksuggested alternative: â€˜[01m[Kpwrite[m[Kâ€™
[3.020s]              [01;36m[Kpub_rate[m[K.sleep();
[3.020s]              [01;36m[K^~~~~~~~[m[K
[3.020s]              [32m[Kpwrite[m[K
[4.731s] make[2]: *** [src/CMakeFiles/run_localization.dir/run_localization.cc.o] Error 1
[4.731s] make[1]: *** [src/CMakeFiles/run_localization.dir/all] Error 2
[4.731s] make: *** [all] Error 2
