[2.929s] [01m[K/home/mirellameelo/openvslam/ros2/src/openvslam/src/run_localization.cc:42:12:[m[K [01;31m[Kerror: [m[Kâ€˜[01m[Kcam_pose_[m[Kâ€™ was not declared in this scope
[2.930s]  auto publi([01;31m[Kcam_pose_[m[K){
[2.930s]             [01;31m[K^~~~~~~~~[m[K
[2.933s] [01m[K/home/mirellameelo/openvslam/ros2/src/openvslam/src/run_localization.cc:42:22:[m[K [01;31m[Kerror: [m[Kexpected â€˜[01m[K,[m[Kâ€™ or â€˜[01m[K;[m[Kâ€™ before â€˜[01m[K{[m[Kâ€™ token
[2.934s]  auto publi(cam_pose_)[01;31m[K{[m[K
[2.934s]                       [01;31m[K^[m[K
[4.732s] make[2]: *** [src/CMakeFiles/run_localization.dir/run_localization.cc.o] Error 1
[4.732s] make[1]: *** [src/CMakeFiles/run_localization.dir/all] Error 2
[4.732s] make: *** [all] Error 2
