[0.060s] [35m[1mScanning dependencies of target run_localization[0m
[0.088s] [ 50%] Built target run_slam
[0.106s] [ 75%] [32mBuilding CXX object src/CMakeFiles/run_localization.dir/run_localization.cc.o[0m
[2.929s] [01m[K/home/mirellameelo/openvslam/ros2/src/openvslam/src/run_localization.cc:42:12:[m[K [01;31m[Kerror: [m[Kâ€˜[01m[Kcam_pose_[m[Kâ€™ was not declared in this scope
[2.930s]  auto publi([01;31m[Kcam_pose_[m[K){
[2.930s]             [01;31m[K^~~~~~~~~[m[K
[2.933s] [01m[K/home/mirellameelo/openvslam/ros2/src/openvslam/src/run_localization.cc:42:22:[m[K [01;31m[Kerror: [m[Kexpected â€˜[01m[K,[m[Kâ€™ or â€˜[01m[K;[m[Kâ€™ before â€˜[01m[K{[m[Kâ€™ token
[2.934s]  auto publi(cam_pose_)[01;31m[K{[m[K
[2.934s]                       [01;31m[K^[m[K
[4.732s] make[2]: *** [src/CMakeFiles/run_localization.dir/run_localization.cc.o] Error 1
[4.732s] src/CMakeFiles/run_localization.dir/build.make:62: recipe for target 'src/CMakeFiles/run_localization.dir/run_localization.cc.o' failed
[4.732s] make[1]: *** [src/CMakeFiles/run_localization.dir/all] Error 2
[4.732s] make: *** [all] Error 2
[4.733s] CMakeFiles/Makefile2:156: recipe for target 'src/CMakeFiles/run_localization.dir/all' failed
[4.733s] Makefile:140: recipe for target 'all' failed
