[0.067s] [35m[1mScanning dependencies of target run_pose[0m
[0.097s] [ 33%] Built target run_localization
[0.111s] [ 66%] Built target run_slam
[0.129s] [ 83%] [32mBuilding CXX object src/CMakeFiles/run_pose.dir/run_pose.cc.o[0m
[8.088s] [100%] [32m[1mLinking CXX executable run_pose[0m
[8.408s] CMakeFiles/run_pose.dir/run_pose.cc.o: In function `rclcpp::create_publisher_factory<nav_msgs::msg::Odometry_<std::allocator<void> >, std::allocator<void>, rclcpp::Publisher<nav_msgs::msg::Odometry_<std::allocator<void> >, std::allocator<void> > >(rclcpp::PublisherEventCallbacks const&, std::shared_ptr<std::allocator<void> >)::{lambda(rclcpp::node_interfaces::NodeBaseInterface*, std::__cxx11::basic_string<char, std::char_traits<char>, std::allocator<char> > const&, rcl_publisher_options_t const&)#1}::operator()(rclcpp::node_interfaces::NodeBaseInterface*, std::__cxx11::basic_string<char, std::char_traits<char>, std::allocator<char> > const&, rcl_publisher_options_t const&) const':
[8.408s] run_pose.cc:(.text._ZZN6rclcpp24create_publisher_factoryIN8nav_msgs3msg9Odometry_ISaIvEEES4_NS_9PublisherIS5_S4_EEEENS_16PublisherFactoryERKNS_23PublisherEventCallbacksESt10shared_ptrIT0_EENKUlPNS_15node_interfaces17NodeBaseInterfaceERKNSt7__cxx1112basic_stringIcSt11char_traitsIcESaIcEEERK23rcl_publisher_options_tE_clESH_SP_SS_[_ZZN6rclcpp24create_publisher_factoryIN8nav_msgs3msg9Odometry_ISaIvEEES4_NS_9PublisherIS5_S4_EEEENS_16PublisherFactoryERKNS_23PublisherEventCallbacksESt10shared_ptrIT0_EENKUlPNS_15node_interfaces17NodeBaseInterfaceERKNSt7__cxx1112basic_stringIcSt11char_traitsIcESaIcEEERK23rcl_publisher_options_tE_clESH_SP_SS_]+0x15b): undefined reference to `rosidl_message_type_support_t const* rosidl_typesupport_cpp::get_message_type_support_handle<nav_msgs::msg::Odometry_<std::allocator<void> > >()'
[8.408s] collect2: error: ld returned 1 exit status
[8.409s] make[2]: *** [src/run_pose] Error 1
[8.409s] src/CMakeFiles/run_pose.dir/build.make:374: recipe for target 'src/run_pose' failed
[8.410s] make[1]: *** [src/CMakeFiles/run_pose.dir/all] Error 2
[8.410s] CMakeFiles/Makefile2:158: recipe for target 'src/CMakeFiles/run_pose.dir/all' failed
[8.410s] Makefile:140: recipe for target 'all' failed
[8.410s] make: *** [all] Error 2
