[0.022s] Invoking command in '/home/mirellameelo/openvslam/ros2/build/openvslam': CMAKE_PREFIX_PATH=${CMAKE_PREFIX_PATH}:/home/mirellameelo/ws/vision_opencv/install/opencv_tests:/opt/ros/dashing /usr/bin/cmake --build /home/mirellameelo/openvslam/ros2/build/openvslam -- -j12 -l12
[0.101s] [35m[1mScanning dependencies of target run_localization[0m
[0.131s] [ 50%] Built target run_slam
[0.149s] [ 75%] [32mBuilding CXX object src/CMakeFiles/run_localization.dir/run_localization.cc.o[0m
[3.248s] [01m[K/home/mirellameelo/openvslam/ros2/src/openvslam/src/run_localization.cc:[m[K In function â€˜[01m[Kauto publi(auto:5, auto:6, auto:7)[m[Kâ€™:
[3.248s] [01m[K/home/mirellameelo/openvslam/ros2/src/openvslam/src/run_localization.cc:60:5:[m[K [01;31m[Kerror: [m[Kexpected â€˜[01m[K;[m[Kâ€™ before â€˜[01m[Kodom_msg_[m[Kâ€™
[3.248s]      [01;31m[Kodom_msg_[m[K.pose.pose.orientation.y = 0.0 //transform_tf.getRotation().getY();
[3.248s]      [01;31m[K^~~~~~~~~[m[K
[5.156s] src/CMakeFiles/run_localization.dir/build.make:62: recipe for target 'src/CMakeFiles/run_localization.dir/run_localization.cc.o' failed
[5.156s] make[2]: *** [src/CMakeFiles/run_localization.dir/run_localization.cc.o] Error 1
[5.157s] CMakeFiles/Makefile2:156: recipe for target 'src/CMakeFiles/run_localization.dir/all' failed
[5.157s] Makefile:140: recipe for target 'all' failed
[5.157s] make[1]: *** [src/CMakeFiles/run_localization.dir/all] Error 2
[5.157s] make: *** [all] Error 2
[5.159s] Invoked command in '/home/mirellameelo/openvslam/ros2/build/openvslam' returned '2': CMAKE_PREFIX_PATH=${CMAKE_PREFIX_PATH}:/home/mirellameelo/ws/vision_opencv/install/opencv_tests:/opt/ros/dashing /usr/bin/cmake --build /home/mirellameelo/openvslam/ros2/build/openvslam -- -j12 -l12
