[3.110s] [01m[K/home/mirellameelo/openvslam/ros2/src/openvslam/src/run_localization.cc:[m[K In lambda function:
[3.110s] [01m[K/home/mirellameelo/openvslam/ros2/src/openvslam/src/run_localization.cc:91:47:[m[K [01;31m[Kerror: [m[Kâ€˜[01m[Kcam_pose_[m[Kâ€™ was not declared in this scope
[3.110s]              Eigen::Matrix3d rotation_matrix = [01;31m[Kcam_pose_[m[K.block(0, 0, 3, 3);
[3.110s]                                                [01;31m[K^~~~~~~~~[m[K
[3.115s] [01m[K/home/mirellameelo/openvslam/ros2/src/openvslam/src/run_localization.cc:91:29:[m[K [01;35m[Kwarning: [m[Kunused variable â€˜[01m[Krotation_matrix[m[Kâ€™ [[01;35m[K-Wunused-variable[m[K]
[3.115s]              Eigen::Matrix3d [01;35m[Krotation_matrix[m[K = cam_pose_.block(0, 0, 3, 3);
[3.115s]                              [01;35m[K^~~~~~~~~~~~~~~[m[K
[3.115s] [01m[K/home/mirellameelo/openvslam/ros2/src/openvslam/src/run_localization.cc:93:29:[m[K [01;35m[Kwarning: [m[Kunused variable â€˜[01m[Ktranslation_vector[m[Kâ€™ [[01;35m[K-Wunused-variable[m[K]
[3.116s]              Eigen::Vector3d [01;35m[Ktranslation_vector[m[K = cam_pose_.block(0, 3, 3, 1);
[3.116s]                              [01;35m[K^~~~~~~~~~~~~~~~~~[m[K
[3.116s] [01m[K/home/mirellameelo/openvslam/ros2/src/openvslam/src/run_localization.cc:95:20:[m[K [01;35m[Kwarning: [m[Kunused variable â€˜[01m[Ka[m[Kâ€™ [[01;35m[K-Wunused-variable[m[K]
[3.116s]              double [01;35m[Ka[m[K =  pose(0, 0); //<<std::endl;
[3.116s]                     [01;35m[K^[m[K
[4.845s] make[2]: *** [src/CMakeFiles/run_localization.dir/run_localization.cc.o] Error 1
[4.846s] make[1]: *** [src/CMakeFiles/run_localization.dir/all] Error 2
[4.846s] make: *** [all] Error 2
