[0.059s] [35m[1mScanning dependencies of target run_localization[0m
[0.084s] [ 50%] Built target run_slam
[0.106s] [ 75%] [32mBuilding CXX object src/CMakeFiles/run_localization.dir/run_localization.cc.o[0m
[3.185s] [01m[K/home/mirellameelo/openvslam/ros2/src/openvslam/src/run_localization.cc:[m[K In function â€˜[01m[Kvoid mytime(double, double)[m[Kâ€™:
[3.185s] [01m[K/home/mirellameelo/openvslam/ros2/src/openvslam/src/run_localization.cc:38:97:[m[K [01;31m[Kerror: [m[Kno matching function for call to â€˜[01m[Kduration_cast<std::chrono::duration<double, std::ratio<1, 1> > >(double)[m[Kâ€™
[3.185s]  std::chrono::duration_cast<std::chrono::duration<double>>(tp_1 - tp_0[01;31m[K)[m[K.count();
[3.185s]                                                                       [01;31m[K^[m[K
[3.185s] In file included from [01m[K/usr/include/c++/7/mutex:39:0[m[K,
[3.185s]                  from [01m[K/home/mirellameelo/openvslam/src/pangolin_viewer/viewer.h:9[m[K,
[3.185s]                  from [01m[K/home/mirellameelo/openvslam/ros2/src/openvslam/src/run_localization.cc:2[m[K:
[3.185s] [01m[K/usr/include/c++/7/chrono:194:7:[m[K [01;36m[Knote: [m[Kcandidate: template<class _ToDur, class _Rep, class _Period> constexpr typename std::enable_if<std::chrono::__is_duration<_Tp>::value, _ToDur>::type std::chrono::duration_cast(const std::chrono::duration<_Rep, _Period>&)
[3.185s]        [01;36m[Kduration_cast[m[K(const duration<_Rep, _Period>& __d)
[3.186s]        [01;36m[K^~~~~~~~~~~~~[m[K
[3.186s] [01m[K/usr/include/c++/7/chrono:194:7:[m[K [01;36m[Knote: [m[K  template argument deduction/substitution failed:
[3.186s] [01m[K/home/mirellameelo/openvslam/ros2/src/openvslam/src/run_localization.cc:38:97:[m[K [01;36m[Knote: [m[K  mismatched types â€˜[01m[Kconst std::chrono::duration<_Rep, _Period>[m[Kâ€™ and â€˜[01m[Kdouble[m[Kâ€™
[3.186s]  std::chrono::duration_cast<std::chrono::duration<double>>(tp_1 - tp_0[01;36m[K)[m[K.count();
[3.186s]                                                                       [01;36m[K^[m[K
[3.186s] [01m[K/home/mirellameelo/openvslam/ros2/src/openvslam/src/run_localization.cc:39:12:[m[K [01;31m[Kerror: [m[Kreturn-statement with a value, in function returning 'void' [[01;31m[K-fpermissive[m[K]
[3.186s]      return [01;31m[Ktimestamp[m[K
[3.186s]             [01;31m[K^~~~~~~~~[m[K
[3.186s] [01m[K/home/mirellameelo/openvslam/ros2/src/openvslam/src/run_localization.cc:40:1:[m[K [01;31m[Kerror: [m[Kexpected â€˜[01m[K;[m[Kâ€™ before â€˜[01m[K}[m[Kâ€™ token
[3.186s]  [01;31m[K}[m[K
[3.186s]  [01;31m[K^[m[K
[3.195s] [01m[K/home/mirellameelo/openvslam/ros2/src/openvslam/src/run_localization.cc:[m[K In lambda function:
[3.196s] [01m[K/home/mirellameelo/openvslam/ros2/src/openvslam/src/run_localization.cc:84:30:[m[K [01;31m[Kerror: [m[Kcannot convert â€˜[01m[Kconst std::chrono::time_point<std::chrono::_V2::steady_clock, std::chrono::duration<long int, std::ratio<1, 1000000000> > >[m[Kâ€™ to â€˜[01m[Kdouble[m[Kâ€™ for argument â€˜[01m[K1[m[Kâ€™ to â€˜[01m[Kvoid mytime(double, double)[m[Kâ€™
[3.196s]              mytime(tp_1, tp_0[01;31m[K)[m[K
[3.196s]                               [01;31m[K^[m[K
[3.196s] [01m[K/home/mirellameelo/openvslam/ros2/src/openvslam/src/run_localization.cc:82:92:[m[K [01;35m[Kwarning: [m[Kunused parameter â€˜[01m[Kmsg[m[Kâ€™ [[01;35m[K-Wunused-parameter[m[K]
[3.197s]  , "camera/image_raw", [&](const sensor_msgs::msg::Image::ConstSharedPtr& [01;35m[Kmsg[m[K) {
[3.197s]                                                                           [01;35m[K^~~[m[K
[4.968s] src/CMakeFiles/run_localization.dir/build.make:62: recipe for target 'src/CMakeFiles/run_localization.dir/run_localization.cc.o' failed
[4.969s] make[2]: *** [src/CMakeFiles/run_localization.dir/run_localization.cc.o] Error 1
[4.969s] make[1]: *** [src/CMakeFiles/run_localization.dir/all] Error 2
[4.969s] CMakeFiles/Makefile2:156: recipe for target 'src/CMakeFiles/run_localization.dir/all' failed
[4.969s] make: *** [all] Error 2
[4.969s] Makefile:140: recipe for target 'all' failed
