[2.996s] [01m[K/home/mirellameelo/openvslam/ros2/src/openvslam/src/run_localization.cc:[m[K In lambda function:
[2.996s] [01m[K/home/mirellameelo/openvslam/ros2/src/openvslam/src/run_localization.cc:92:36:[m[K [01;31m[Kerror: [m[Kâ€˜[01m[Kmap_publisher[m[Kâ€™ was not declared in this scope
[2.996s]              const auto cam_pose_ = [01;31m[Kmap_publisher[m[K->get_current_cam_pose();
[2.996s]                                     [01;31m[K^~~~~~~~~~~~~[m[K
[2.997s] [01m[K/home/mirellameelo/openvslam/ros2/src/openvslam/src/run_localization.cc:92:36:[m[K [01;36m[Knote: [m[Ksuggested alternative:
[2.997s] In file included from [01m[K/home/mirellameelo/openvslam/ros2/src/openvslam/src/run_localization.cc:2:0[m[K:
[2.997s] [01m[K/home/mirellameelo/openvslam/src/pangolin_viewer/viewer.h:20:7:[m[K [01;36m[Knote: [m[K  â€˜[01m[Kopenvslam::publish::map_publisher[m[Kâ€™
[2.997s]  class [01;36m[Kmap_publisher[m[K;
[2.997s]        [01;36m[K^~~~~~~~~~~~~[m[K
[4.685s] make[2]: *** [src/CMakeFiles/run_localization.dir/run_localization.cc.o] Error 1
[4.686s] make[1]: *** [src/CMakeFiles/run_localization.dir/all] Error 2
[4.687s] make: *** [all] Error 2
