[0.021s] Invoking command in '/home/mirellameelo/openvslam/ros2/build/openvslam': CMAKE_PREFIX_PATH=${CMAKE_PREFIX_PATH}:/home/mirellameelo/ws/vision_opencv/install/opencv_tests:/opt/ros/dashing /usr/bin/cmake --build /home/mirellameelo/openvslam/ros2/build/openvslam -- -j12 -l12
[0.059s] [35m[1mScanning dependencies of target run_localization[0m
[0.090s] [ 50%] Built target run_slam
[0.101s] [ 75%] [32mBuilding CXX object src/CMakeFiles/run_localization.dir/run_localization.cc.o[0m
[3.006s] [01m[K/home/mirellameelo/openvslam/ros2/src/openvslam/src/run_localization.cc:[m[K In function â€˜[01m[Kvoid mono_localization(const std::shared_ptr<openvslam::config>&, const string&, const string&, const string&, bool)[m[Kâ€™:
[3.007s] [01m[K/home/mirellameelo/openvslam/ros2/src/openvslam/src/run_localization.cc:65:49:[m[K [01;31m[Kerror: [m[Kâ€˜[01m[Knav_msgs[m[Kâ€™ was not declared in this scope
[3.007s]      auto odometry_pub_ = node->create_publisher<[01;31m[Knav_msgs[m[K::msg::Pose>("/pose");
[3.007s]                                                  [01;31m[K^~~~~~~~[m[K
[3.011s] [01m[K/home/mirellameelo/openvslam/ros2/src/openvslam/src/run_localization.cc:65:32:[m[K [01;31m[Kerror: [m[Kparse error in template argument list
[3.011s]      auto odometry_pub_ = node->[01;31m[Kcreate_publisher<nav_msgs::msg::Pose>[m[K("/pose");
[3.011s]                                 [01;31m[K^~~~~~~~~~~~~~~~~~~~~~~~~~~~~~~~~~~~~[m[K
[3.011s] [01m[K/home/mirellameelo/openvslam/ros2/src/openvslam/src/run_localization.cc:65:77:[m[K [01;31m[Kerror: [m[Kno matching function for call to â€˜[01m[Krclcpp::Node::create_publisher<<expression error> >(const char [6])[m[Kâ€™
[3.011s]      auto odometry_pub_ = node->create_publisher<nav_msgs::msg::Pose>("/pose"[01;31m[K)[m[K;
[3.011s]                                                                              [01;31m[K^[m[K
[3.011s] In file included from [01m[K/opt/ros/dashing/include/rclcpp/executors/single_threaded_executor.hpp:28:0[m[K,
[3.011s]                  from [01m[K/opt/ros/dashing/include/rclcpp/executors.hpp:22[m[K,
[3.011s]                  from [01m[K/opt/ros/dashing/include/rclcpp/rclcpp.hpp:144[m[K,
[3.011s]                  from [01m[K/home/mirellameelo/openvslam/ros2/src/openvslam/src/run_localization.cc:14[m[K:
[3.012s] [01m[K/opt/ros/dashing/include/rclcpp/node.hpp:177:3:[m[K [01;36m[Knote: [m[Kcandidate: template<class MessageT, class AllocatorT, class PublisherT> std::shared_ptr<PublisherT> rclcpp::Node::create_publisher(const string&, const rclcpp::QoS&, const rclcpp::PublisherOptionsWithAllocator<AllocatorT>&)
[3.012s]    [01;36m[Kcreate_publisher[m[K(
[3.012s]    [01;36m[K^~~~~~~~~~~~~~~~[m[K
[3.012s] [01m[K/opt/ros/dashing/include/rclcpp/node.hpp:177:3:[m[K [01;36m[Knote: [m[K  template argument deduction/substitution failed:
[3.012s] [01m[K/home/mirellameelo/openvslam/ros2/src/openvslam/src/run_localization.cc:65:77:[m[K [01;31m[Kerror: [m[Ktemplate argument 1 is invalid
[3.012s]      auto odometry_pub_ = node->create_publisher<nav_msgs::msg::Pose>("/pose"[01;31m[K)[m[K;
[3.012s]                                                                              [01;31m[K^[m[K
[3.012s] In file included from [01m[K/opt/ros/dashing/include/rclcpp/executors/single_threaded_executor.hpp:28:0[m[K,
[3.012s]                  from [01m[K/opt/ros/dashing/include/rclcpp/executors.hpp:22[m[K,
[3.012s]                  from [01m[K/opt/ros/dashing/include/rclcpp/rclcpp.hpp:144[m[K,
[3.012s]                  from [01m[K/home/mirellameelo/openvslam/ros2/src/openvslam/src/run_localization.cc:14[m[K:
[3.012s] [01m[K/opt/ros/dashing/include/rclcpp/node.hpp:198:3:[m[K [01;36m[Knote: [m[Kcandidate: template<class MessageT, class AllocatorT, class PublisherT> std::shared_ptr<PublisherT> rclcpp::Node::create_publisher(const string&, size_t, std::shared_ptr<_Up>)
[3.012s]    [01;36m[Kcreate_publisher[m[K(
[3.012s]    [01;36m[K^~~~~~~~~~~~~~~~[m[K
[3.012s] [01m[K/opt/ros/dashing/include/rclcpp/node.hpp:198:3:[m[K [01;36m[Knote: [m[K  template argument deduction/substitution failed:
[3.012s] [01m[K/home/mirellameelo/openvslam/ros2/src/openvslam/src/run_localization.cc:65:77:[m[K [01;31m[Kerror: [m[Ktemplate argument 1 is invalid
[3.012s]      auto odometry_pub_ = node->create_publisher<nav_msgs::msg::Pose>("/pose"[01;31m[K)[m[K;
[3.013s]                                                                              [01;31m[K^[m[K
[3.013s] In file included from [01m[K/opt/ros/dashing/include/rclcpp/executors/single_threaded_executor.hpp:28:0[m[K,
[3.013s]                  from [01m[K/opt/ros/dashing/include/rclcpp/executors.hpp:22[m[K,
[3.013s]                  from [01m[K/opt/ros/dashing/include/rclcpp/rclcpp.hpp:144[m[K,
[3.013s]                  from [01m[K/home/mirellameelo/openvslam/ros2/src/openvslam/src/run_localization.cc:14[m[K:
[3.013s] [01m[K/opt/ros/dashing/include/rclcpp/node.hpp:217:3:[m[K [01;36m[Knote: [m[Kcandidate: template<class MessageT, class AllocatorT, class PublisherT> std::shared_ptr<PublisherT> rclcpp::Node::create_publisher(const string&, const rmw_qos_profile_t&, std::shared_ptr<_Up>)
[3.013s]    [01;36m[Kcreate_publisher[m[K(
[3.013s]    [01;36m[K^~~~~~~~~~~~~~~~[m[K
[3.013s] [01m[K/opt/ros/dashing/include/rclcpp/node.hpp:217:3:[m[K [01;36m[Knote: [m[K  template argument deduction/substitution failed:
[3.013s] [01m[K/home/mirellameelo/openvslam/ros2/src/openvslam/src/run_localization.cc:65:77:[m[K [01;31m[Kerror: [m[Ktemplate argument 1 is invalid
[3.013s]      auto odometry_pub_ = node->create_publisher<nav_msgs::msg::Pose>("/pose"[01;31m[K)[m[K;
[3.013s]                                                                              [01;31m[K^[m[K
[4.627s] make[2]: *** [src/CMakeFiles/run_localization.dir/run_localization.cc.o] Error 1
[4.628s] src/CMakeFiles/run_localization.dir/build.make:62: recipe for target 'src/CMakeFiles/run_localization.dir/run_localization.cc.o' failed
[4.628s] CMakeFiles/Makefile2:156: recipe for target 'src/CMakeFiles/run_localization.dir/all' failed
[4.629s] make[1]: *** [src/CMakeFiles/run_localization.dir/all] Error 2
[4.629s] make: *** [all] Error 2
[4.629s] Makefile:140: recipe for target 'all' failed
[4.631s] Invoked command in '/home/mirellameelo/openvslam/ros2/build/openvslam' returned '2': CMAKE_PREFIX_PATH=${CMAKE_PREFIX_PATH}:/home/mirellameelo/ws/vision_opencv/install/opencv_tests:/opt/ros/dashing /usr/bin/cmake --build /home/mirellameelo/openvslam/ros2/build/openvslam -- -j12 -l12
