[2.779s] [01m[K/home/mirellameelo/openvslam/ros2/src/openvslam/src/run_localization.cc:[m[K In lambda function:
[2.779s] [01m[K/home/mirellameelo/openvslam/ros2/src/openvslam/src/run_localization.cc:95:25:[m[K [01;31m[Kerror: [m[Kâ€˜[01m[Kpose[m[Kâ€™ was not declared in this scope
[2.779s]              double a =  [01;31m[Kpose[m[K(0, 0); //<<std::endl;
[2.779s]                          [01;31m[K^~~~[m[K
[2.782s] [01m[K/home/mirellameelo/openvslam/ros2/src/openvslam/src/run_localization.cc:95:25:[m[K [01;36m[Knote: [m[Ksuggested alternative: â€˜[01m[Knode[m[Kâ€™
[2.782s]              double a =  [01;36m[Kpose[m[K(0, 0); //<<std::endl;
[2.782s]                          [01;36m[K^~~~[m[K
[2.782s]                          [32m[Knode[m[K
[2.782s] [01m[K/home/mirellameelo/openvslam/ros2/src/openvslam/src/run_localization.cc:95:20:[m[K [01;35m[Kwarning: [m[Kunused variable â€˜[01m[Ka[m[Kâ€™ [[01;35m[K-Wunused-variable[m[K]
[2.782s]              double [01;35m[Ka[m[K =  pose(0, 0); //<<std::endl;
[2.783s]                     [01;35m[K^[m[K
[4.473s] make[2]: *** [src/CMakeFiles/run_localization.dir/run_localization.cc.o] Error 1
[4.474s] make[1]: *** [src/CMakeFiles/run_localization.dir/all] Error 2
[4.474s] make: *** [all] Error 2
