[0.059s] [35m[1mScanning dependencies of target run_localization[0m
[0.086s] [ 50%] Built target run_slam
[0.099s] [ 75%] [32mBuilding CXX object src/CMakeFiles/run_localization.dir/run_localization.cc.o[0m
[3.325s] [01m[K/home/mirellameelo/openvslam/ros2/src/openvslam/src/run_localization.cc:[m[K In function â€˜[01m[Kvoid mono_localization(const std::shared_ptr<openvslam::config>&, const string&, const string&, const string&, bool)[m[Kâ€™:
[3.325s] [01m[K/home/mirellameelo/openvslam/ros2/src/openvslam/src/run_localization.cc:74:29:[m[K [01;31m[Kerror: [m[Ka function-definition is not allowed here before â€˜[01m[K{[m[Kâ€™ token
[3.325s]      void mytime(double tp_1)[01;31m[K{[m[K
[3.325s]                              [01;31m[K^[m[K
[3.325s] [01m[K/home/mirellameelo/openvslam/ros2/src/openvslam/src/run_localization.cc:149:34:[m[K [01;31m[Kerror: [m[Ka function-definition is not allowed here before â€˜[01m[K{[m[Kâ€™ token
[3.325s]  int main(int argc, char* argv[]) [01;31m[K{[m[K
[3.325s]                                   [01;31m[K^[m[K
[3.326s] [01m[K/home/mirellameelo/openvslam/ros2/src/openvslam/src/run_localization.cc:223:1:[m[K [01;31m[Kerror: [m[Kexpected â€˜[01m[K}[m[Kâ€™ at end of input
[3.326s]  [01;31m[K}[m[K
[3.326s]  [01;31m[K^[m[K
[5.105s] make[2]: *** [src/CMakeFiles/run_localization.dir/run_localization.cc.o] Error 1
[5.105s] src/CMakeFiles/run_localization.dir/build.make:62: recipe for target 'src/CMakeFiles/run_localization.dir/run_localization.cc.o' failed
[5.105s] CMakeFiles/Makefile2:156: recipe for target 'src/CMakeFiles/run_localization.dir/all' failed
[5.106s] make[1]: *** [src/CMakeFiles/run_localization.dir/all] Error 2
[5.106s] make: *** [all] Error 2
[5.106s] Makefile:140: recipe for target 'all' failed
