[0.056s] [35m[1mScanning dependencies of target run_localization[0m
[0.084s] [ 50%] Built target run_slam
[0.099s] [ 75%] [32mBuilding CXX object src/CMakeFiles/run_localization.dir/run_localization.cc.o[0m
[3.081s] [01m[K/home/mirellameelo/openvslam/ros2/src/openvslam/src/run_localization.cc:[m[K In lambda function:
[3.081s] [01m[K/home/mirellameelo/openvslam/ros2/src/openvslam/src/run_localization.cc:88:81:[m[K [01;31m[Kerror: [m[Kâ€˜[01m[Ktimestamp[m[Kâ€™ was not declared in this scope
[3.081s]              SLAM.feed_monocular_frame(cv_bridge::toCvShare(msg, "bgr8")->image, [01;31m[Ktimestamp[m[K, mask);
[3.081s]                                                                                  [01;31m[K^~~~~~~~~[m[K
[3.085s] [01m[K/home/mirellameelo/openvslam/ros2/src/openvslam/src/run_localization.cc:88:81:[m[K [01;36m[Knote: [m[Ksuggested alternative: â€˜[01m[Kmkstemp[m[Kâ€™
[3.086s]              SLAM.feed_monocular_frame(cv_bridge::toCvShare(msg, "bgr8")->image, [01;36m[Ktimestamp[m[K, mask);
[3.086s]                                                                                  [01;36m[K^~~~~~~~~[m[K
[3.086s]                                                                                  [32m[Kmkstemp[m[K
[3.262s] /home/mirellameelo/openvslam/ros2/src/openvslam/src/run_localization.cc: In instantiation of â€˜[01m[Kvoid mytime(auto:3, auto:4) [with auto:3 = std::chrono::time_point<std::chrono::_V2::steady_clock, std::chrono::duration<long int, std::ratio<1, 1000000000> > >; auto:4 = std::chrono::time_point<std::chrono::_V2::steady_clock, std::chrono::duration<long int, std::ratio<1, 1000000000> > >][m[Kâ€™:
[3.262s] [01m[K/home/mirellameelo/openvslam/ros2/src/openvslam/src/run_localization.cc:84:30:[m[K   required from here
[3.263s] [01m[K/home/mirellameelo/openvslam/ros2/src/openvslam/src/run_localization.cc:38:16:[m[K [01;35m[Kwarning: [m[Kunused variable â€˜[01m[Ktimestamp[m[Kâ€™ [[01;35m[K-Wunused-variable[m[K]
[3.263s]      const auto [01;35m[Ktimestamp[m[K = std::chrono::duration_cast<std::chrono::duration<double>>(tp_1 - tp_0).count();
[3.263s]                 [01;35m[K^~~~~~~~~[m[K
[4.768s] make[2]: *** [src/CMakeFiles/run_localization.dir/run_localization.cc.o] Error 1
[4.769s] src/CMakeFiles/run_localization.dir/build.make:62: recipe for target 'src/CMakeFiles/run_localization.dir/run_localization.cc.o' failed
[4.769s] CMakeFiles/Makefile2:156: recipe for target 'src/CMakeFiles/run_localization.dir/all' failed
[4.769s] Makefile:140: recipe for target 'all' failed
[4.769s] make[1]: *** [src/CMakeFiles/run_localization.dir/all] Error 2
[4.769s] make: *** [all] Error 2
