[3.012s] [01m[K/home/mirellameelo/openvslam/ros2/src/openvslam/src/run_localization.cc:[m[K In function â€˜[01m[Kvoid mono_localization(const std::shared_ptr<openvslam::config>&, const string&, const string&, const string&, bool)[m[Kâ€™:
[3.013s] [01m[K/home/mirellameelo/openvslam/ros2/src/openvslam/src/run_localization.cc:105:40:[m[K [01;31m[Kerror: [m[Kinvalid use of incomplete type â€˜[01m[Kusing element_type = class openvslam::publish::map_publisher {aka class openvslam::publish::map_publisher}[m[Kâ€™
[3.013s]          auto cam_pose_ = map_publisher_[01;31m[K->[m[Kget_current_cam_pose();
[3.013s]                                         [01;31m[K^~[m[K
[3.013s] In file included from [01m[K/home/mirellameelo/openvslam/ros2/src/openvslam/src/run_localization.cc:2:0[m[K:
[3.013s] [01m[K/home/mirellameelo/openvslam/src/pangolin_viewer/viewer.h:20:7:[m[K [01;36m[Knote: [m[Kforward declaration of â€˜[01m[Kusing element_type = class openvslam::publish::map_publisher {aka class openvslam::publish::map_publisher}[m[Kâ€™
[3.013s]  class [01;36m[Kmap_publisher[m[K;
[3.013s]        [01;36m[K^~~~~~~~~~~~~[m[K
[3.013s] [01m[K/home/mirellameelo/openvslam/ros2/src/openvslam/src/run_localization.cc:109:39:[m[K [01;31m[Kerror: [m[Kinvalid use of incomplete type â€˜[01m[Kusing element_type = class openvslam::publish::map_publisher {aka class openvslam::publish::map_publisher}[m[Kâ€™
[3.013s]              cam_pose_ = map_publisher_[01;31m[K->[m[Kget_current_cam_pose();
[3.013s]                                        [01;31m[K^~[m[K
[3.014s] In file included from [01m[K/home/mirellameelo/openvslam/ros2/src/openvslam/src/run_localization.cc:2:0[m[K:
[3.014s] [01m[K/home/mirellameelo/openvslam/src/pangolin_viewer/viewer.h:20:7:[m[K [01;36m[Knote: [m[Kforward declaration of â€˜[01m[Kusing element_type = class openvslam::publish::map_publisher {aka class openvslam::publish::map_publisher}[m[Kâ€™
[3.014s]  class [01;36m[Kmap_publisher[m[K;
[3.014s]        [01;36m[K^~~~~~~~~~~~~[m[K
[4.732s] make[2]: *** [src/CMakeFiles/run_localization.dir/run_localization.cc.o] Error 1
[4.732s] make[1]: *** [src/CMakeFiles/run_localization.dir/all] Error 2
[4.732s] make: *** [all] Error 2
