[0.019s] Invoking command in '/home/mirellameelo/openvslam/ros2/build/openvslam': CMAKE_PREFIX_PATH=${CMAKE_PREFIX_PATH}:/home/mirellameelo/ws/vision_opencv/install/opencv_tests:/opt/ros/dashing /usr/bin/cmake --build /home/mirellameelo/openvslam/ros2/build/openvslam -- -j12 -l12
[0.062s] [35m[1mScanning dependencies of target run_localization[0m
[0.091s] [ 50%] Built target run_slam
[0.113s] [ 75%] [32mBuilding CXX object src/CMakeFiles/run_localization.dir/run_localization.cc.o[0m
[2.953s] [01m[K/home/mirellameelo/openvslam/ros2/src/openvslam/src/run_localization.cc:37:26:[m[K [01;31m[Kerror: [m[Kvariable or field â€˜[01m[Kmytime[m[Kâ€™ declared void
[2.953s]  void mytime(std::chrono::[01;31m[Kduration_cast<std::chrono::duration<double>>[m[K tp_1, std::chrono::duration_cast<std::chrono::duration<double>> tp_0){
[2.953s]                           [01;31m[K^~~~~~~~~~~~~~~~~~~~~~~~~~~~~~~~~~~~~~~~~~~~[m[K
[2.953s] [01m[K/home/mirellameelo/openvslam/ros2/src/openvslam/src/run_localization.cc:37:71:[m[K [01;31m[Kerror: [m[Kexpected â€˜[01m[K)[m[Kâ€™ before â€˜[01m[Ktp_1[m[Kâ€™
[2.953s]  void mytime(std::chrono::duration_cast<std::chrono::duration<double>> [01;31m[Ktp_1[m[K, std::chrono::duration_cast<std::chrono::duration<double>> tp_0){
[2.953s]                                                                        [01;31m[K^~~~[m[K
[2.953s] [01m[K/home/mirellameelo/openvslam/ros2/src/openvslam/src/run_localization.cc:37:135:[m[K [01;31m[Kerror: [m[Kexpected â€˜[01m[K)[m[Kâ€™ before â€˜[01m[Ktp_0[m[Kâ€™
[2.953s]  void mytime(std::chrono::duration_cast<std::chrono::duration<double>> tp_1, std::chrono::duration_cast<std::chrono::duration<double>> [01;31m[Ktp_0[m[K){
[2.953s]                                                                                                                                        [01;31m[K^~~~[m[K
[2.962s] [01m[K/home/mirellameelo/openvslam/ros2/src/openvslam/src/run_localization.cc:[m[K In lambda function:
[2.962s] [01m[K/home/mirellameelo/openvslam/ros2/src/openvslam/src/run_localization.cc:84:13:[m[K [01;31m[Kerror: [m[Kâ€˜[01m[Kmytime[m[Kâ€™ was not declared in this scope
[2.962s]              [01;31m[Kmytime[m[K(tp_1, tp_0)
[2.962s]              [01;31m[K^~~~~~[m[K
[2.965s] [01m[K/home/mirellameelo/openvslam/ros2/src/openvslam/src/run_localization.cc:84:13:[m[K [01;36m[Knote: [m[Ksuggested alternative: â€˜[01m[Kmktime[m[Kâ€™
[2.965s]              [01;36m[Kmytime[m[K(tp_1, tp_0)
[2.965s]              [01;36m[K^~~~~~[m[K
[2.965s]              [32m[Kmktime[m[K
[2.966s] [01m[K/home/mirellameelo/openvslam/ros2/src/openvslam/src/run_localization.cc:82:92:[m[K [01;35m[Kwarning: [m[Kunused parameter â€˜[01m[Kmsg[m[Kâ€™ [[01;35m[K-Wunused-parameter[m[K]
[2.966s]          node.get(), "camera/image_raw", [&](const sensor_msgs::msg::Image::ConstSharedPtr& [01;35m[Kmsg[m[K) {
[2.967s]                                                                                             [01;35m[K^~~[m[K
[4.750s] src/CMakeFiles/run_localization.dir/build.make:62: recipe for target 'src/CMakeFiles/run_localization.dir/run_localization.cc.o' failed
[4.750s] make[2]: *** [src/CMakeFiles/run_localization.dir/run_localization.cc.o] Error 1
[4.751s] CMakeFiles/Makefile2:156: recipe for target 'src/CMakeFiles/run_localization.dir/all' failed
[4.751s] make[1]: *** [src/CMakeFiles/run_localization.dir/all] Error 2
[4.751s] make: *** [all] Error 2
[4.751s] Makefile:140: recipe for target 'all' failed
[4.752s] Invoked command in '/home/mirellameelo/openvslam/ros2/build/openvslam' returned '2': CMAKE_PREFIX_PATH=${CMAKE_PREFIX_PATH}:/home/mirellameelo/ws/vision_opencv/install/opencv_tests:/opt/ros/dashing /usr/bin/cmake --build /home/mirellameelo/openvslam/ros2/build/openvslam -- -j12 -l12
