[0.062s] [35m[1mScanning dependencies of target run_localization[0m
[0.082s] [ 50%] Built target run_slam
[0.105s] [ 75%] [32mBuilding CXX object src/CMakeFiles/run_localization.dir/run_localization.cc.o[0m
[2.994s] [01m[K/home/mirellameelo/openvslam/ros2/src/openvslam/src/run_localization.cc:[m[K In function â€˜[01m[Kvoid mono_localization(const std::shared_ptr<openvslam::config>&, const string&, const string&, const string&, bool)[m[Kâ€™:
[2.995s] [01m[K/home/mirellameelo/openvslam/ros2/src/openvslam/src/run_localization.cc:65:49:[m[K [01;31m[Kerror: [m[Kâ€˜[01m[Knav_msgs[m[Kâ€™ was not declared in this scope
[2.995s]      auto odometry_pub_ = node->create_publisher<[01;31m[Knav_msgs[m[K::msg::Pose>("/pose", 1);
[2.995s]                                                  [01;31m[K^~~~~~~~[m[K
[2.999s] [01m[K/home/mirellameelo/openvslam/ros2/src/openvslam/src/run_localization.cc:65:32:[m[K [01;31m[Kerror: [m[Kparse error in template argument list
[2.999s]      auto odometry_pub_ = node->[01;31m[Kcreate_publisher<nav_msgs::msg::Pose>[m[K("/pose", 1);
[2.999s]                                 [01;31m[K^~~~~~~~~~~~~~~~~~~~~~~~~~~~~~~~~~~~~[m[K
[2.999s] [01m[K/home/mirellameelo/openvslam/ros2/src/openvslam/src/run_localization.cc:65:80:[m[K [01;31m[Kerror: [m[Kno matching function for call to â€˜[01m[Krclcpp::Node::create_publisher<<expression error> >(const char [6], int)[m[Kâ€™
[2.999s]    auto odometry_pub_ = node->create_publisher<nav_msgs::msg::Pose>("/pose", 1[01;31m[K)[m[K;
[2.999s]                                                                               [01;31m[K^[m[K
[2.999s] In file included from [01m[K/opt/ros/dashing/include/rclcpp/executors/single_threaded_executor.hpp:28:0[m[K,
[2.999s]                  from [01m[K/opt/ros/dashing/include/rclcpp/executors.hpp:22[m[K,
[3.000s]                  from [01m[K/opt/ros/dashing/include/rclcpp/rclcpp.hpp:144[m[K,
[3.000s]                  from [01m[K/home/mirellameelo/openvslam/ros2/src/openvslam/src/run_localization.cc:14[m[K:
[3.000s] [01m[K/opt/ros/dashing/include/rclcpp/node.hpp:177:3:[m[K [01;36m[Knote: [m[Kcandidate: template<class MessageT, class AllocatorT, class PublisherT> std::shared_ptr<PublisherT> rclcpp::Node::create_publisher(const string&, const rclcpp::QoS&, const rclcpp::PublisherOptionsWithAllocator<AllocatorT>&)
[3.000s]    [01;36m[Kcreate_publisher[m[K(
[3.000s]    [01;36m[K^~~~~~~~~~~~~~~~[m[K
[3.000s] [01m[K/opt/ros/dashing/include/rclcpp/node.hpp:177:3:[m[K [01;36m[Knote: [m[K  template argument deduction/substitution failed:
[3.000s] [01m[K/home/mirellameelo/openvslam/ros2/src/openvslam/src/run_localization.cc:65:80:[m[K [01;31m[Kerror: [m[Ktemplate argument 1 is invalid
[3.000s]    auto odometry_pub_ = node->create_publisher<nav_msgs::msg::Pose>("/pose", 1[01;31m[K)[m[K;
[3.000s]                                                                               [01;31m[K^[m[K
[3.000s] In file included from [01m[K/opt/ros/dashing/include/rclcpp/executors/single_threaded_executor.hpp:28:0[m[K,
[3.001s]                  from [01m[K/opt/ros/dashing/include/rclcpp/executors.hpp:22[m[K,
[3.001s]                  from [01m[K/opt/ros/dashing/include/rclcpp/rclcpp.hpp:144[m[K,
[3.001s]                  from [01m[K/home/mirellameelo/openvslam/ros2/src/openvslam/src/run_localization.cc:14[m[K:
[3.001s] [01m[K/opt/ros/dashing/include/rclcpp/node.hpp:198:3:[m[K [01;36m[Knote: [m[Kcandidate: template<class MessageT, class AllocatorT, class PublisherT> std::shared_ptr<PublisherT> rclcpp::Node::create_publisher(const string&, size_t, std::shared_ptr<_Up>)
[3.001s]    [01;36m[Kcreate_publisher[m[K(
[3.001s]    [01;36m[K^~~~~~~~~~~~~~~~[m[K
[3.001s] [01m[K/opt/ros/dashing/include/rclcpp/node.hpp:198:3:[m[K [01;36m[Knote: [m[K  template argument deduction/substitution failed:
[3.001s] [01m[K/home/mirellameelo/openvslam/ros2/src/openvslam/src/run_localization.cc:65:80:[m[K [01;31m[Kerror: [m[Ktemplate argument 1 is invalid
[3.001s]    auto odometry_pub_ = node->create_publisher<nav_msgs::msg::Pose>("/pose", 1[01;31m[K)[m[K;
[3.002s]                                                                               [01;31m[K^[m[K
[3.002s] In file included from [01m[K/opt/ros/dashing/include/rclcpp/executors/single_threaded_executor.hpp:28:0[m[K,
[3.002s]                  from [01m[K/opt/ros/dashing/include/rclcpp/executors.hpp:22[m[K,
[3.002s]                  from [01m[K/opt/ros/dashing/include/rclcpp/rclcpp.hpp:144[m[K,
[3.002s]                  from [01m[K/home/mirellameelo/openvslam/ros2/src/openvslam/src/run_localization.cc:14[m[K:
[3.002s] [01m[K/opt/ros/dashing/include/rclcpp/node.hpp:217:3:[m[K [01;36m[Knote: [m[Kcandidate: template<class MessageT, class AllocatorT, class PublisherT> std::shared_ptr<PublisherT> rclcpp::Node::create_publisher(const string&, const rmw_qos_profile_t&, std::shared_ptr<_Up>)
[3.002s]    [01;36m[Kcreate_publisher[m[K(
[3.002s]    [01;36m[K^~~~~~~~~~~~~~~~[m[K
[3.002s] [01m[K/opt/ros/dashing/include/rclcpp/node.hpp:217:3:[m[K [01;36m[Knote: [m[K  template argument deduction/substitution failed:
[3.002s] [01m[K/home/mirellameelo/openvslam/ros2/src/openvslam/src/run_localization.cc:65:80:[m[K [01;31m[Kerror: [m[Ktemplate argument 1 is invalid
[3.002s]    auto odometry_pub_ = node->create_publisher<nav_msgs::msg::Pose>("/pose", 1[01;31m[K)[m[K;
[3.003s]                                                                               [01;31m[K^[m[K
[4.566s] make[2]: *** [src/CMakeFiles/run_localization.dir/run_localization.cc.o] Error 1
[4.567s] make[1]: *** [src/CMakeFiles/run_localization.dir/all] Error 2
[4.567s] src/CMakeFiles/run_localization.dir/build.make:62: recipe for target 'src/CMakeFiles/run_localization.dir/run_localization.cc.o' failed
[4.567s] CMakeFiles/Makefile2:156: recipe for target 'src/CMakeFiles/run_localization.dir/all' failed
[4.567s] Makefile:140: recipe for target 'all' failed
[4.567s] make: *** [all] Error 2
