[3.254s] [01m[K/home/mirellameelo/openvslam/ros2/src/openvslam/src/run_localization.cc:[m[K In function â€˜[01m[Kvoid mono_localization(const std::shared_ptr<openvslam::config>&, const string&, const string&, const string&, bool)[m[Kâ€™:
[3.254s] [01m[K/home/mirellameelo/openvslam/ros2/src/openvslam/src/run_localization.cc:65:49:[m[K [01;31m[Kerror: [m[Kâ€˜[01m[Knav_msgs[m[Kâ€™ was not declared in this scope
[3.254s]      auto odometry_pub_ = node->create_publisher<[01;31m[Knav_msgs[m[K::msg::Odometry>("odometry", 1);
[3.254s]                                                  [01;31m[K^~~~~~~~[m[K
[3.258s] [01m[K/home/mirellameelo/openvslam/ros2/src/openvslam/src/run_localization.cc:65:32:[m[K [01;31m[Kerror: [m[Kparse error in template argument list
[3.258s]      auto odometry_pub_ = node->[01;31m[Kcreate_publisher<nav_msgs::msg::Odometry>[m[K("odometry", 1);
[3.258s]                                 [01;31m[K^~~~~~~~~~~~~~~~~~~~~~~~~~~~~~~~~~~~~~~~~[m[K
[3.258s] [01m[K/home/mirellameelo/openvslam/ros2/src/openvslam/src/run_localization.cc:65:87:[m[K [01;31m[Kerror: [m[Kno matching function for call to â€˜[01m[Krclcpp::Node::create_publisher<<expression error> >(const char [9], int)[m[Kâ€™
[3.258s]  odometry_pub_ = node->create_publisher<nav_msgs::msg::Odometry>("odometry", 1[01;31m[K)[m[K;
[3.258s]                                                                               [01;31m[K^[m[K
[3.258s] In file included from [01m[K/opt/ros/dashing/include/rclcpp/executors/single_threaded_executor.hpp:28:0[m[K,
[3.258s]                  from [01m[K/opt/ros/dashing/include/rclcpp/executors.hpp:22[m[K,
[3.258s]                  from [01m[K/opt/ros/dashing/include/rclcpp/rclcpp.hpp:144[m[K,
[3.258s]                  from [01m[K/home/mirellameelo/openvslam/ros2/src/openvslam/src/run_localization.cc:14[m[K:
[3.258s] [01m[K/opt/ros/dashing/include/rclcpp/node.hpp:177:3:[m[K [01;36m[Knote: [m[Kcandidate: template<class MessageT, class AllocatorT, class PublisherT> std::shared_ptr<PublisherT> rclcpp::Node::create_publisher(const string&, const rclcpp::QoS&, const rclcpp::PublisherOptionsWithAllocator<AllocatorT>&)
[3.259s]    [01;36m[Kcreate_publisher[m[K(
[3.259s]    [01;36m[K^~~~~~~~~~~~~~~~[m[K
[3.259s] [01m[K/opt/ros/dashing/include/rclcpp/node.hpp:177:3:[m[K [01;36m[Knote: [m[K  template argument deduction/substitution failed:
[3.259s] [01m[K/home/mirellameelo/openvslam/ros2/src/openvslam/src/run_localization.cc:65:87:[m[K [01;31m[Kerror: [m[Ktemplate argument 1 is invalid
[3.259s]  odometry_pub_ = node->create_publisher<nav_msgs::msg::Odometry>("odometry", 1[01;31m[K)[m[K;
[3.259s]                                                                               [01;31m[K^[m[K
[3.259s] In file included from [01m[K/opt/ros/dashing/include/rclcpp/executors/single_threaded_executor.hpp:28:0[m[K,
[3.259s]                  from [01m[K/opt/ros/dashing/include/rclcpp/executors.hpp:22[m[K,
[3.259s]                  from [01m[K/opt/ros/dashing/include/rclcpp/rclcpp.hpp:144[m[K,
[3.259s]                  from [01m[K/home/mirellameelo/openvslam/ros2/src/openvslam/src/run_localization.cc:14[m[K:
[3.259s] [01m[K/opt/ros/dashing/include/rclcpp/node.hpp:198:3:[m[K [01;36m[Knote: [m[Kcandidate: template<class MessageT, class AllocatorT, class PublisherT> std::shared_ptr<PublisherT> rclcpp::Node::create_publisher(const string&, size_t, std::shared_ptr<_Up>)
[3.259s]    [01;36m[Kcreate_publisher[m[K(
[3.259s]    [01;36m[K^~~~~~~~~~~~~~~~[m[K
[3.259s] [01m[K/opt/ros/dashing/include/rclcpp/node.hpp:198:3:[m[K [01;36m[Knote: [m[K  template argument deduction/substitution failed:
[3.259s] [01m[K/home/mirellameelo/openvslam/ros2/src/openvslam/src/run_localization.cc:65:87:[m[K [01;31m[Kerror: [m[Ktemplate argument 1 is invalid
[3.259s]  odometry_pub_ = node->create_publisher<nav_msgs::msg::Odometry>("odometry", 1[01;31m[K)[m[K;
[3.259s]                                                                               [01;31m[K^[m[K
[3.260s] In file included from [01m[K/opt/ros/dashing/include/rclcpp/executors/single_threaded_executor.hpp:28:0[m[K,
[3.260s]                  from [01m[K/opt/ros/dashing/include/rclcpp/executors.hpp:22[m[K,
[3.260s]                  from [01m[K/opt/ros/dashing/include/rclcpp/rclcpp.hpp:144[m[K,
[3.260s]                  from [01m[K/home/mirellameelo/openvslam/ros2/src/openvslam/src/run_localization.cc:14[m[K:
[3.260s] [01m[K/opt/ros/dashing/include/rclcpp/node.hpp:217:3:[m[K [01;36m[Knote: [m[Kcandidate: template<class MessageT, class AllocatorT, class PublisherT> std::shared_ptr<PublisherT> rclcpp::Node::create_publisher(const string&, const rmw_qos_profile_t&, std::shared_ptr<_Up>)
[3.260s]    [01;36m[Kcreate_publisher[m[K(
[3.260s]    [01;36m[K^~~~~~~~~~~~~~~~[m[K
[3.260s] [01m[K/opt/ros/dashing/include/rclcpp/node.hpp:217:3:[m[K [01;36m[Knote: [m[K  template argument deduction/substitution failed:
[3.260s] [01m[K/home/mirellameelo/openvslam/ros2/src/openvslam/src/run_localization.cc:65:87:[m[K [01;31m[Kerror: [m[Ktemplate argument 1 is invalid
[3.260s]  odometry_pub_ = node->create_publisher<nav_msgs::msg::Odometry>("odometry", 1[01;31m[K)[m[K;
[3.260s]                                                                               [01;31m[K^[m[K
[4.821s] make[2]: *** [src/CMakeFiles/run_localization.dir/run_localization.cc.o] Error 1
[4.822s] make[1]: *** [src/CMakeFiles/run_localization.dir/all] Error 2
[4.822s] make: *** [all] Error 2
