[2.854s] [01m[K/home/mirellameelo/openvslam/ros2/src/openvslam/src/run_localization.cc:[m[K In function â€˜[01m[Kauto mytime(auto:3, auto:4)[m[Kâ€™:
[2.854s] [01m[K/home/mirellameelo/openvslam/ros2/src/openvslam/src/run_localization.cc:40:1:[m[K [01;31m[Kerror: [m[Kexpected â€˜[01m[K;[m[Kâ€™ before â€˜[01m[K}[m[Kâ€™ token
[2.854s]  [01;31m[K}[m[K
[2.854s]  [01;31m[K^[m[K
[2.869s] [01m[K/home/mirellameelo/openvslam/ros2/src/openvslam/src/run_localization.cc:[m[K In lambda function:
[2.869s] [01m[K/home/mirellameelo/openvslam/ros2/src/openvslam/src/run_localization.cc:88:81:[m[K [01;31m[Kerror: [m[Kâ€˜[01m[Ktimestamp[m[Kâ€™ was not declared in this scope
[2.869s]  SLAM.feed_monocular_frame(cv_bridge::toCvShare(msg, "bgr8")->image, [01;31m[Ktimestamp[m[K, mask);
[2.869s]                                                                      [01;31m[K^~~~~~~~~[m[K
[2.873s] [01m[K/home/mirellameelo/openvslam/ros2/src/openvslam/src/run_localization.cc:88:81:[m[K [01;36m[Knote: [m[Ksuggested alternative: â€˜[01m[Kmkstemp[m[Kâ€™
[2.873s]  SLAM.feed_monocular_frame(cv_bridge::toCvShare(msg, "bgr8")->image, [01;36m[Ktimestamp[m[K, mask);
[2.873s]                                                                      [01;36m[K^~~~~~~~~[m[K
[2.874s]                                                                                  [32m[Kmkstemp[m[K
[4.585s] make[2]: *** [src/CMakeFiles/run_localization.dir/run_localization.cc.o] Error 1
[4.586s] make[1]: *** [src/CMakeFiles/run_localization.dir/all] Error 2
[4.586s] make: *** [all] Error 2
