[0.019s] Invoking command in '/home/mirellameelo/openvslam/ros2/build/openvslam': CMAKE_PREFIX_PATH=${CMAKE_PREFIX_PATH}:/home/mirellameelo/ws/vision_opencv/install/opencv_tests:/opt/ros/dashing /usr/bin/cmake --build /home/mirellameelo/openvslam/ros2/build/openvslam -- -j12 -l12
[0.058s] [35m[1mScanning dependencies of target run_localization[0m
[0.092s] [ 50%] Built target run_slam
[0.109s] [ 75%] [32mBuilding CXX object src/CMakeFiles/run_localization.dir/run_localization.cc.o[0m
[2.870s] [01m[K/home/mirellameelo/openvslam/ros2/src/openvslam/src/run_localization.cc:[m[K In lambda function:
[2.870s] [01m[K/home/mirellameelo/openvslam/ros2/src/openvslam/src/run_localization.cc:120:13:[m[K [01;31m[Kerror: [m[Kâ€˜[01m[Kodometry_pub_[m[Kâ€™ was not declared in this scope
[2.870s]              [01;31m[Kodometry_pub_[m[K->publish(odom_msg_);
[2.870s]              [01;31m[K^~~~~~~~~~~~~[m[K
[2.879s] [01m[K/home/mirellameelo/openvslam/ros2/src/openvslam/src/run_localization.cc:121:13:[m[K [01;31m[Kerror: [m[Kâ€˜[01m[Kexec[m[Kâ€™ was not declared in this scope
[2.880s]              [01;31m[Kexec[m[K.spin_some();
[2.880s]              [01;31m[K^~~~[m[K
[2.882s] [01m[K/home/mirellameelo/openvslam/ros2/src/openvslam/src/run_localization.cc:121:13:[m[K [01;36m[Knote: [m[Ksuggested alternative: â€˜[01m[Kexecl[m[Kâ€™
[2.882s]              [01;36m[Kexec[m[K.spin_some();
[2.882s]              [01;36m[K^~~~[m[K
[2.882s]              [32m[Kexecl[m[K
[2.882s] [01m[K/home/mirellameelo/openvslam/ros2/src/openvslam/src/run_localization.cc:122:13:[m[K [01;31m[Kerror: [m[Kâ€˜[01m[Kpub_rate[m[Kâ€™ was not declared in this scope
[2.882s]              [01;31m[Kpub_rate[m[K.sleep();
[2.882s]              [01;31m[K^~~~~~~~[m[K
[2.886s] [01m[K/home/mirellameelo/openvslam/ros2/src/openvslam/src/run_localization.cc:122:13:[m[K [01;36m[Knote: [m[Ksuggested alternative: â€˜[01m[Kpwrite[m[Kâ€™
[2.886s]              [01;36m[Kpub_rate[m[K.sleep();
[2.886s]              [01;36m[K^~~~~~~~[m[K
[2.886s]              [32m[Kpwrite[m[K
[4.664s] make[2]: *** [src/CMakeFiles/run_localization.dir/run_localization.cc.o] Error 1
[4.665s] make[1]: *** [src/CMakeFiles/run_localization.dir/all] Error 2
[4.665s] src/CMakeFiles/run_localization.dir/build.make:62: recipe for target 'src/CMakeFiles/run_localization.dir/run_localization.cc.o' failed
[4.665s] CMakeFiles/Makefile2:156: recipe for target 'src/CMakeFiles/run_localization.dir/all' failed
[4.665s] make: *** [all] Error 2
[4.665s] Makefile:140: recipe for target 'all' failed
[4.666s] Invoked command in '/home/mirellameelo/openvslam/ros2/build/openvslam' returned '2': CMAKE_PREFIX_PATH=${CMAKE_PREFIX_PATH}:/home/mirellameelo/ws/vision_opencv/install/opencv_tests:/opt/ros/dashing /usr/bin/cmake --build /home/mirellameelo/openvslam/ros2/build/openvslam -- -j12 -l12
