[2.845s] [01m[K/home/mirellameelo/openvslam/ros2/src/openvslam/src/run_localization.cc:[m[K In function â€˜[01m[Kvoid mono_localization(const std::shared_ptr<openvslam::config>&, const string&, const string&, const string&, bool)[m[Kâ€™:
[2.845s] [01m[K/home/mirellameelo/openvslam/ros2/src/openvslam/src/run_localization.cc:102:9:[m[K [01;31m[Kerror: [m[Kexpected â€˜[01m[K)[m[Kâ€™ before â€˜[01m[Kwhile[m[Kâ€™
[2.846s]          [01;31m[Kwhile[m[K (rclcpp::ok()){
[2.846s]          [01;31m[K^~~~~[m[K
[2.846s] [01m[K/home/mirellameelo/openvslam/ros2/src/openvslam/src/run_localization.cc:141:9:[m[K [01;31m[Kerror: [m[Kexpected â€˜[01m[K,[m[Kâ€™ or â€˜[01m[K;[m[Kâ€™ before â€˜[01m[K}[m[Kâ€™ token
[2.846s]          [01;31m[K}[m[K,
[2.846s]          [01;31m[K^[m[K
[2.846s] [01m[K/home/mirellameelo/openvslam/ros2/src/openvslam/src/run_localization.cc:[m[K At global scope:
[2.846s] [01m[K/home/mirellameelo/openvslam/ros2/src/openvslam/src/run_localization.cc:141:10:[m[K [01;31m[Kerror: [m[Kmixing declarations and function-definitions is forbidden
[2.846s]          }[01;31m[K,[m[K
[2.846s]           [01;31m[K^[m[K
[2.846s] [01m[K/home/mirellameelo/openvslam/ros2/src/openvslam/src/run_localization.cc:142:9:[m[K [01;31m[Kerror: [m[Kexpected unqualified-id before string constant
[2.846s]          [01;31m[K"raw"[m[K, custom_qos);
[2.846s]          [01;31m[K^~~~~[m[K
[2.846s] [01m[K/home/mirellameelo/openvslam/ros2/src/openvslam/src/run_localization.cc:[m[K In lambda function:
[2.846s] [01m[K/home/mirellameelo/openvslam/ros2/src/openvslam/src/run_localization.cc:150:9:[m[K [01;31m[Kerror: [m[Kâ€˜[01m[Kexec[m[Kâ€™ was not declared in this scope
[2.847s]          [01;31m[Kexec[m[K.spin();
[2.847s]          [01;31m[K^~~~[m[K
[2.848s] [01m[K/home/mirellameelo/openvslam/ros2/src/openvslam/src/run_localization.cc:150:9:[m[K [01;36m[Knote: [m[Ksuggested alternative: â€˜[01m[Kexecl[m[Kâ€™
[2.848s]          [01;36m[Kexec[m[K.spin();
[2.848s]          [01;36m[K^~~~[m[K
[2.848s]          [32m[Kexecl[m[K
[2.851s] [01m[K/home/mirellameelo/openvslam/ros2/src/openvslam/src/run_localization.cc:[m[K At global scope:
[2.851s] [01m[K/home/mirellameelo/openvslam/ros2/src/openvslam/src/run_localization.cc:160:5:[m[K [01;31m[Kerror: [m[Kâ€˜[01m[Kviewer[m[Kâ€™ does not name a type
[2.851s]      [01;31m[Kviewer[m[K.run();
[2.851s]      [01;31m[K^~~~~~[m[K
[2.851s] [01m[K/home/mirellameelo/openvslam/ros2/src/openvslam/src/run_localization.cc:161:5:[m[K [01;31m[Kerror: [m[Kexpected unqualified-id before â€˜[01m[Kif[m[Kâ€™
[2.851s]      [01;31m[Kif[m[K (SLAM.terminate_is_requested()) {
[2.851s]      [01;31m[K^~[m[K
[2.853s] [01m[K/home/mirellameelo/openvslam/ros2/src/openvslam/src/run_localization.cc:181:5:[m[K [01;31m[Kerror: [m[Kâ€˜[01m[Kviewer[m[Kâ€™ does not name a type
[2.853s]      [01;31m[Kviewer[m[K.request_terminate();
[2.853s]      [01;31m[K^~~~~~[m[K
[2.855s] [01m[K/home/mirellameelo/openvslam/ros2/src/openvslam/src/run_localization.cc:182:5:[m[K [01;31m[Kerror: [m[Kâ€˜[01m[Kthread[m[Kâ€™ does not name a type
[2.855s]      [01;31m[Kthread[m[K.join();
[2.855s]      [01;31m[K^~~~~~[m[K
[2.857s] [01m[K/home/mirellameelo/openvslam/ros2/src/openvslam/src/run_localization.cc:189:5:[m[K [01;31m[Kerror: [m[Kâ€˜[01m[KSLAM[m[Kâ€™ does not name a type; did you mean â€˜[01m[KSNAN[m[Kâ€™?
[2.857s]      [01;31m[KSLAM[m[K.shutdown();
[2.857s]      [01;31m[K^~~~[m[K
[2.858s]      [32m[KSNAN[m[K
[2.858s] [01m[K/home/mirellameelo/openvslam/ros2/src/openvslam/src/run_localization.cc:191:5:[m[K [01;31m[Kerror: [m[Kexpected unqualified-id before â€˜[01m[Kif[m[Kâ€™
[2.858s]      [01;31m[Kif[m[K (track_times.size()) {
[2.858s]      [01;31m[K^~[m[K
[2.858s] [01m[K/home/mirellameelo/openvslam/ros2/src/openvslam/src/run_localization.cc:197:1:[m[K [01;31m[Kerror: [m[Kexpected declaration before â€˜[01m[K}[m[Kâ€™ token
[2.858s]  [01;31m[K}[m[K
[2.858s]  [01;31m[K^[m[K
[4.465s] make[2]: *** [src/CMakeFiles/run_localization.dir/run_localization.cc.o] Error 1
[4.465s] make[1]: *** [src/CMakeFiles/run_localization.dir/all] Error 2
[4.466s] make: *** [all] Error 2
