[0.019s] Invoking command in '/home/mirellameelo/openvslam/ros2/build/openvslam': CMAKE_PREFIX_PATH=${CMAKE_PREFIX_PATH}:/home/mirellameelo/ws/vision_opencv/install/opencv_tests:/opt/ros/dashing /usr/bin/cmake --build /home/mirellameelo/openvslam/ros2/build/openvslam -- -j12 -l12
[0.060s] [35m[1mScanning dependencies of target run_localization[0m
[0.092s] [ 50%] Built target run_slam
[0.112s] [ 75%] [32mBuilding CXX object src/CMakeFiles/run_localization.dir/run_localization.cc.o[0m
[2.951s] [01m[K/home/mirellameelo/openvslam/ros2/src/openvslam/src/run_localization.cc:[m[K In function â€˜[01m[Kauto publi(auto:6, auto:7)[m[Kâ€™:
[2.951s] [01m[K/home/mirellameelo/openvslam/ros2/src/openvslam/src/run_localization.cc:56:30:[m[K [01;31m[Kerror: [m[Kâ€˜[01m[Knode[m[Kâ€™ was not declared in this scope
[2.951s]      odom_msg_.header.stamp = [01;31m[Knode[m[K->now();
[2.952s]                               [01;31m[K^~~~[m[K
[2.952s] [01m[K/home/mirellameelo/openvslam/ros2/src/openvslam/src/run_localization.cc:56:30:[m[K [01;36m[Knote: [m[Ksuggested alternatives:
[2.952s] In file included from [01m[K/usr/include/yaml-cpp/node/node.h:15:0[m[K,
[2.952s]                  from [01m[K/usr/include/yaml-cpp/yaml.h:16[m[K,
[2.952s]                  from [01m[K/home/mirellameelo/openvslam/src/openvslam/camera/base.h:10[m[K,
[2.952s]                  from [01m[K/home/mirellameelo/openvslam/src/openvslam/config.h:4[m[K,
[2.952s]                  from [01m[K/home/mirellameelo/openvslam/ros2/src/openvslam/src/run_localization.cc:8[m[K:
[2.952s] [01m[K/usr/include/yaml-cpp/node/detail/iterator_fwd.h:16:7:[m[K [01;36m[Knote: [m[K  â€˜[01m[KYAML::node[m[Kâ€™
[2.952s]  class [01;36m[Knode[m[K;
[2.952s]        [01;36m[K^~~~[m[K
[2.952s] In file included from [01m[K/usr/include/yaml-cpp/node/impl.h:13:0[m[K,
[2.952s]                  from [01m[K/usr/include/yaml-cpp/yaml.h:17[m[K,
[2.952s]                  from [01m[K/home/mirellameelo/openvslam/src/openvslam/camera/base.h:10[m[K,
[2.952s]                  from [01m[K/home/mirellameelo/openvslam/src/openvslam/config.h:4[m[K,
[2.953s]                  from [01m[K/home/mirellameelo/openvslam/ros2/src/openvslam/src/run_localization.cc:8[m[K:
[2.953s] [01m[K/usr/include/yaml-cpp/node/detail/node.h:20:7:[m[K [01;36m[Knote: [m[K  â€˜[01m[KYAML::detail::node[m[Kâ€™
[2.953s]  class [01;36m[Knode[m[K : private boost::noncopyable {
[2.953s]        [01;36m[K^~~~[m[K
[2.964s] [01m[K/home/mirellameelo/openvslam/ros2/src/openvslam/src/run_localization.cc:[m[K In lambda function:
[2.964s] [01m[K/home/mirellameelo/openvslam/ros2/src/openvslam/src/run_localization.cc:113:47:[m[K [01;31m[Kerror: [m[Kno matching function for call to â€˜[01m[Kmytime(const std::chrono::time_point<std::chrono::_V2::steady_clock, std::chrono::duration<long int, std::ratio<1, 1000000000> > >&, const std::chrono::time_point<std::chrono::_V2::steady_clock, std::chrono::duration<long int, std::ratio<1, 1000000000> > >&)[m[Kâ€™
[2.964s]              auto timestamp = mytime(tp_1, tp_0[01;31m[K)[m[K;
[2.964s]                                                [01;31m[K^[m[K
[2.964s] [01m[K/home/mirellameelo/openvslam/ros2/src/openvslam/src/run_localization.cc:37:6:[m[K [01;36m[Knote: [m[Kcandidate: template<class auto:3, class auto:4, class auto:5> auto mytime(auto:3, auto:4, auto:5)
[2.964s]  auto [01;36m[Kmytime[m[K(auto tp_1, auto tp_0, auto node){
[2.964s]       [01;36m[K^~~~~~[m[K
[2.965s] [01m[K/home/mirellameelo/openvslam/ros2/src/openvslam/src/run_localization.cc:37:6:[m[K [01;36m[Knote: [m[K  template argument deduction/substitution failed:
[2.965s] [01m[K/home/mirellameelo/openvslam/ros2/src/openvslam/src/run_localization.cc:113:47:[m[K [01;36m[Knote: [m[K  candidate expects 3 arguments, 2 provided
[2.965s]              auto timestamp = mytime(tp_1, tp_0[01;36m[K)[m[K;
[2.965s]                                                [01;36m[K^[m[K
[2.969s] [01m[K/home/mirellameelo/openvslam/ros2/src/openvslam/src/run_localization.cc:123:38:[m[K [01;31m[Kerror: [m[Kexpected â€˜[01m[K)[m[Kâ€™ before â€˜[01m[Knode[m[Kâ€™
[2.969s]              publi(cam, odometry_pub_ [01;31m[Knode[m[K);
[2.970s]                                       [01;31m[K^~~~[m[K
[4.749s] src/CMakeFiles/run_localization.dir/build.make:62: recipe for target 'src/CMakeFiles/run_localization.dir/run_localization.cc.o' failed
[4.750s] CMakeFiles/Makefile2:156: recipe for target 'src/CMakeFiles/run_localization.dir/all' failed
[4.750s] make[2]: *** [src/CMakeFiles/run_localization.dir/run_localization.cc.o] Error 1
[4.750s] make[1]: *** [src/CMakeFiles/run_localization.dir/all] Error 2
[4.750s] make: *** [all] Error 2
[4.750s] Makefile:140: recipe for target 'all' failed
[4.752s] Invoked command in '/home/mirellameelo/openvslam/ros2/build/openvslam' returned '2': CMAKE_PREFIX_PATH=${CMAKE_PREFIX_PATH}:/home/mirellameelo/ws/vision_opencv/install/opencv_tests:/opt/ros/dashing /usr/bin/cmake --build /home/mirellameelo/openvslam/ros2/build/openvslam -- -j12 -l12
