[2.811s] [01m[K/home/mirellameelo/openvslam/ros2/src/openvslam/src/run_localization.cc:[m[K In function â€˜[01m[Kvoid mono_localization(const std::shared_ptr<openvslam::config>&, const string&, const string&, const string&, bool)[m[Kâ€™:
[2.811s] [01m[K/home/mirellameelo/openvslam/ros2/src/openvslam/src/run_localization.cc:74:64:[m[K [01;31m[Kerror: [m[Kâ€˜[01m[KPose[m[Kâ€™ is not a member of â€˜[01m[Kgeometry_msgs[m[Kâ€™
[2.811s]      auto odometry_pub_ = node->create_publisher<geometry_msgs::[01;31m[KPose[m[K>("pose", 1);
[2.811s]                                                                 [01;31m[K^~~~[m[K
[2.811s] [01m[K/home/mirellameelo/openvslam/ros2/src/openvslam/src/run_localization.cc:74:64:[m[K [01;36m[Knote: [m[Ksuggested alternative:
[2.812s] In file included from [01m[K/opt/ros/dashing/include/geometry_msgs/msg/pose_with_covariance__struct.hpp:29:0[m[K,
[2.812s]                  from [01m[K/opt/ros/dashing/include/nav_msgs/msg/odometry__struct.hpp:31[m[K,
[2.812s]                  from [01m[K/opt/ros/dashing/include/nav_msgs/msg/odometry.hpp:7[m[K,
[2.812s]                  from [01m[K/home/mirellameelo/openvslam/ros2/src/openvslam/src/run_localization.cc:16[m[K:
[2.812s] [01m[K/opt/ros/dashing/include/geometry_msgs/msg/pose__struct.hpp:145:50:[m[K [01;36m[Knote: [m[K  â€˜[01m[Kgeometry_msgs::msg::Pose[m[Kâ€™
[2.812s]    geometry_msgs::msg::Pose_<std::allocator<void>>[01;36m[K;[m[K
[2.812s]                                                   [01;36m[K^[m[K
[2.812s] [01m[K/home/mirellameelo/openvslam/ros2/src/openvslam/src/run_localization.cc:74:79:[m[K [01;31m[Kerror: [m[Kno matching function for call to â€˜[01m[Krclcpp::Node::create_publisher<<expression error> >(const char [5], int)[m[Kâ€™
[2.812s]     auto odometry_pub_ = node->create_publisher<geometry_msgs::Pose>("pose", 1[01;31m[K)[m[K;
[2.812s]                                                                               [01;31m[K^[m[K
[2.812s] In file included from [01m[K/opt/ros/dashing/include/rclcpp/executors/single_threaded_executor.hpp:28:0[m[K,
[2.812s]                  from [01m[K/opt/ros/dashing/include/rclcpp/executors.hpp:22[m[K,
[2.812s]                  from [01m[K/opt/ros/dashing/include/rclcpp/rclcpp.hpp:144[m[K,
[2.812s]                  from [01m[K/home/mirellameelo/openvslam/ros2/src/openvslam/src/run_localization.cc:14[m[K:
[2.812s] [01m[K/opt/ros/dashing/include/rclcpp/node.hpp:177:3:[m[K [01;36m[Knote: [m[Kcandidate: template<class MessageT, class AllocatorT, class PublisherT> std::shared_ptr<PublisherT> rclcpp::Node::create_publisher(const string&, const rclcpp::QoS&, const rclcpp::PublisherOptionsWithAllocator<AllocatorT>&)
[2.812s]    [01;36m[Kcreate_publisher[m[K(
[2.813s]    [01;36m[K^~~~~~~~~~~~~~~~[m[K
[2.813s] [01m[K/opt/ros/dashing/include/rclcpp/node.hpp:177:3:[m[K [01;36m[Knote: [m[K  template argument deduction/substitution failed:
[2.813s] [01m[K/home/mirellameelo/openvslam/ros2/src/openvslam/src/run_localization.cc:74:79:[m[K [01;31m[Kerror: [m[Ktemplate argument 1 is invalid
[2.813s]     auto odometry_pub_ = node->create_publisher<geometry_msgs::Pose>("pose", 1[01;31m[K)[m[K;
[2.813s]                                                                               [01;31m[K^[m[K
[2.813s] In file included from [01m[K/opt/ros/dashing/include/rclcpp/executors/single_threaded_executor.hpp:28:0[m[K,
[2.813s]                  from [01m[K/opt/ros/dashing/include/rclcpp/executors.hpp:22[m[K,
[2.813s]                  from [01m[K/opt/ros/dashing/include/rclcpp/rclcpp.hpp:144[m[K,
[2.813s]                  from [01m[K/home/mirellameelo/openvslam/ros2/src/openvslam/src/run_localization.cc:14[m[K:
[2.813s] [01m[K/opt/ros/dashing/include/rclcpp/node.hpp:198:3:[m[K [01;36m[Knote: [m[Kcandidate: template<class MessageT, class AllocatorT, class PublisherT> std::shared_ptr<PublisherT> rclcpp::Node::create_publisher(const string&, size_t, std::shared_ptr<_Up>)
[2.813s]    [01;36m[Kcreate_publisher[m[K(
[2.813s]    [01;36m[K^~~~~~~~~~~~~~~~[m[K
[2.813s] [01m[K/opt/ros/dashing/include/rclcpp/node.hpp:198:3:[m[K [01;36m[Knote: [m[K  template argument deduction/substitution failed:
[2.813s] [01m[K/home/mirellameelo/openvslam/ros2/src/openvslam/src/run_localization.cc:74:79:[m[K [01;31m[Kerror: [m[Ktemplate argument 1 is invalid
[2.813s]     auto odometry_pub_ = node->create_publisher<geometry_msgs::Pose>("pose", 1[01;31m[K)[m[K;
[2.813s]                                                                               [01;31m[K^[m[K
[2.814s] In file included from [01m[K/opt/ros/dashing/include/rclcpp/executors/single_threaded_executor.hpp:28:0[m[K,
[2.814s]                  from [01m[K/opt/ros/dashing/include/rclcpp/executors.hpp:22[m[K,
[2.814s]                  from [01m[K/opt/ros/dashing/include/rclcpp/rclcpp.hpp:144[m[K,
[2.814s]                  from [01m[K/home/mirellameelo/openvslam/ros2/src/openvslam/src/run_localization.cc:14[m[K:
[2.814s] [01m[K/opt/ros/dashing/include/rclcpp/node.hpp:217:3:[m[K [01;36m[Knote: [m[Kcandidate: template<class MessageT, class AllocatorT, class PublisherT> std::shared_ptr<PublisherT> rclcpp::Node::create_publisher(const string&, const rmw_qos_profile_t&, std::shared_ptr<_Up>)
[2.814s]    [01;36m[Kcreate_publisher[m[K(
[2.814s]    [01;36m[K^~~~~~~~~~~~~~~~[m[K
[2.814s] [01m[K/opt/ros/dashing/include/rclcpp/node.hpp:217:3:[m[K [01;36m[Knote: [m[K  template argument deduction/substitution failed:
[2.814s] [01m[K/home/mirellameelo/openvslam/ros2/src/openvslam/src/run_localization.cc:74:79:[m[K [01;31m[Kerror: [m[Ktemplate argument 1 is invalid
[2.814s]     auto odometry_pub_ = node->create_publisher<geometry_msgs::Pose>("pose", 1[01;31m[K)[m[K;
[2.814s]                                                                               [01;31m[K^[m[K
[2.814s] [01m[K/home/mirellameelo/openvslam/ros2/src/openvslam/src/run_localization.cc:84:5:[m[K [01;31m[Kerror: [m[Kexpected primary-expression before â€˜[01m[Krmw_qos_profile_t[m[Kâ€™
[2.814s]      [01;31m[Krmw_qos_profile_t[m[K custom_qos = rmw_qos_profile_default;
[2.814s]      [01;31m[K^~~~~~~~~~~~~~~~~[m[K
[2.814s] [01m[K/home/mirellameelo/openvslam/ros2/src/openvslam/src/run_localization.cc:85:5:[m[K [01;31m[Kerror: [m[Kâ€˜[01m[Kcustom_qos[m[Kâ€™ was not declared in this scope
[2.814s]      [01;31m[Kcustom_qos[m[K.depth = 1;
[2.814s]      [01;31m[K^~~~~~~~~~[m[K
[2.815s] [01m[K/home/mirellameelo/openvslam/ros2/src/openvslam/src/run_localization.cc:85:5:[m[K [01;36m[Knote: [m[Ksuggested alternative: â€˜[01m[Kwcstombs[m[Kâ€™
[2.816s]      [01;36m[Kcustom_qos[m[K.depth = 1;
[2.816s]      [01;36m[K^~~~~~~~~~[m[K
[2.816s]      [32m[Kwcstombs[m[K
[4.387s] make[2]: *** [src/CMakeFiles/run_localization.dir/run_localization.cc.o] Error 1
[4.387s] make[1]: *** [src/CMakeFiles/run_localization.dir/all] Error 2
[4.388s] make: *** [all] Error 2
