[0.020s] Invoking command in '/home/mirellameelo/openvslam/ros2/build/openvslam': CMAKE_PREFIX_PATH=${CMAKE_PREFIX_PATH}:/home/mirellameelo/ws/vision_opencv/install/opencv_tests:/opt/ros/dashing /usr/bin/cmake --build /home/mirellameelo/openvslam/ros2/build/openvslam -- -j12 -l12
[0.061s] [35m[1mScanning dependencies of target run_localization[0m
[0.088s] [ 50%] Built target run_slam
[0.102s] [ 75%] [32mBuilding CXX object src/CMakeFiles/run_localization.dir/run_localization.cc.o[0m
[0.402s] [01m[K/home/mirellameelo/openvslam/ros2/src/openvslam/src/run_localization.cc:18:10:[m[K [01;31m[Kfatal error: [m[Kgeometry_msgs/Pose.h: No such file or directory
[0.402s]  #include [01;31m[K<geometry_msgs/Pose.h>[m[K
[0.402s]           [01;31m[K^~~~~~~~~~~~~~~~~~~~~~[m[K
[0.402s] compilation terminated.
[0.405s] make[2]: *** [src/CMakeFiles/run_localization.dir/run_localization.cc.o] Error 1
[0.405s] src/CMakeFiles/run_localization.dir/build.make:62: recipe for target 'src/CMakeFiles/run_localization.dir/run_localization.cc.o' failed
[0.405s] CMakeFiles/Makefile2:156: recipe for target 'src/CMakeFiles/run_localization.dir/all' failed
[0.405s] make[1]: *** [src/CMakeFiles/run_localization.dir/all] Error 2
[0.405s] Makefile:140: recipe for target 'all' failed
[0.406s] make: *** [all] Error 2
[0.407s] Invoked command in '/home/mirellameelo/openvslam/ros2/build/openvslam' returned '2': CMAKE_PREFIX_PATH=${CMAKE_PREFIX_PATH}:/home/mirellameelo/ws/vision_opencv/install/opencv_tests:/opt/ros/dashing /usr/bin/cmake --build /home/mirellameelo/openvslam/ros2/build/openvslam -- -j12 -l12
