[0.017s] Invoking command in '/home/mirellameelo/openvslam/ros2/build/openvslam': CMAKE_PREFIX_PATH=${CMAKE_PREFIX_PATH}:/home/mirellameelo/ws/vision_opencv/install/opencv_tests:/opt/ros/dashing /usr/bin/cmake --build /home/mirellameelo/openvslam/ros2/build/openvslam -- -j12 -l12
[0.061s] [35m[1mScanning dependencies of target run_localization[0m
[0.087s] [ 50%] Built target run_slam
[0.100s] [ 75%] [32mBuilding CXX object src/CMakeFiles/run_localization.dir/run_localization.cc.o[0m
[3.010s] [01m[K/home/mirellameelo/openvslam/ros2/src/openvslam/src/run_localization.cc:[m[K In function â€˜[01m[Kvoid mono_localization(const std::shared_ptr<openvslam::config>&, const string&, const string&, const string&, bool)[m[Kâ€™:
[3.010s] [01m[K/home/mirellameelo/openvslam/ros2/src/openvslam/src/run_localization.cc:85:5:[m[K [01;31m[Kerror: [m[Kexpected primary-expression before â€˜[01m[Krmw_qos_profile_t[m[Kâ€™
[3.010s]      [01;31m[Krmw_qos_profile_t[m[K custom_qos = rmw_qos_profile_default;
[3.011s]      [01;31m[K^~~~~~~~~~~~~~~~~[m[K
[3.011s] [01m[K/home/mirellameelo/openvslam/ros2/src/openvslam/src/run_localization.cc:86:5:[m[K [01;31m[Kerror: [m[Kâ€˜[01m[Kcustom_qos[m[Kâ€™ was not declared in this scope
[3.011s]      [01;31m[Kcustom_qos[m[K.depth = 1;
[3.011s]      [01;31m[K^~~~~~~~~~[m[K
[3.015s] [01m[K/home/mirellameelo/openvslam/ros2/src/openvslam/src/run_localization.cc:86:5:[m[K [01;36m[Knote: [m[Ksuggested alternative: â€˜[01m[Kwcstombs[m[Kâ€™
[3.015s]      [01;36m[Kcustom_qos[m[K.depth = 1;
[3.015s]      [01;36m[K^~~~~~~~~~[m[K
[3.015s]      [32m[Kwcstombs[m[K
[4.597s] make[2]: *** [src/CMakeFiles/run_localization.dir/run_localization.cc.o] Error 1
[4.598s] src/CMakeFiles/run_localization.dir/build.make:62: recipe for target 'src/CMakeFiles/run_localization.dir/run_localization.cc.o' failed
[4.598s] CMakeFiles/Makefile2:156: recipe for target 'src/CMakeFiles/run_localization.dir/all' failed
[4.598s] make[1]: *** [src/CMakeFiles/run_localization.dir/all] Error 2
[4.598s] make: *** [all] Error 2
[4.598s] Makefile:140: recipe for target 'all' failed
[4.600s] Invoked command in '/home/mirellameelo/openvslam/ros2/build/openvslam' returned '2': CMAKE_PREFIX_PATH=${CMAKE_PREFIX_PATH}:/home/mirellameelo/ws/vision_opencv/install/opencv_tests:/opt/ros/dashing /usr/bin/cmake --build /home/mirellameelo/openvslam/ros2/build/openvslam -- -j12 -l12
