[0.063s] [35m[1mScanning dependencies of target run_localization[0m
[0.087s] [ 50%] Built target run_slam
[0.110s] [ 75%] [32mBuilding CXX object src/CMakeFiles/run_localization.dir/run_localization.cc.o[0m
[3.134s] [01m[K/home/mirellameelo/openvslam/ros2/src/openvslam/src/run_localization.cc:[m[K In function â€˜[01m[Kvoid mono_localization(const std::shared_ptr<openvslam::config>&, const string&, const string&, const string&, bool)[m[Kâ€™:
[3.134s] [01m[K/home/mirellameelo/openvslam/ros2/src/openvslam/src/run_localization.cc:74:29:[m[K [01;31m[Kerror: [m[Ka function-definition is not allowed here before â€˜[01m[K{[m[Kâ€™ token
[3.135s]      void mytime(double tp_1)[01;31m[K{[m[K
[3.135s]                              [01;31m[K^[m[K
[3.135s] [01m[K/home/mirellameelo/openvslam/ros2/src/openvslam/src/run_localization.cc:[m[K In lambda function:
[3.135s] [01m[K/home/mirellameelo/openvslam/ros2/src/openvslam/src/run_localization.cc:83:13:[m[K [01;31m[Kerror: [m[Kâ€˜[01m[Kmytime[m[Kâ€™ was not declared in this scope
[3.135s]              [01;31m[Kmytime[m[K(tp_1)
[3.135s]              [01;31m[K^~~~~~[m[K
[3.137s] [01m[K/home/mirellameelo/openvslam/ros2/src/openvslam/src/run_localization.cc:83:13:[m[K [01;36m[Knote: [m[Ksuggested alternative: â€˜[01m[Kmktime[m[Kâ€™
[3.137s]              [01;36m[Kmytime[m[K(tp_1)
[3.137s]              [01;36m[K^~~~~~[m[K
[3.137s]              [32m[Kmktime[m[K
[3.138s] [01m[K/home/mirellameelo/openvslam/ros2/src/openvslam/src/run_localization.cc:81:92:[m[K [01;35m[Kwarning: [m[Kunused parameter â€˜[01m[Kmsg[m[Kâ€™ [[01;35m[K-Wunused-parameter[m[K]
[3.138s]  , "camera/image_raw", [&](const sensor_msgs::msg::Image::ConstSharedPtr& [01;35m[Kmsg[m[K) {
[3.138s]                                                                           [01;35m[K^~~[m[K
[4.887s] src/CMakeFiles/run_localization.dir/build.make:62: recipe for target 'src/CMakeFiles/run_localization.dir/run_localization.cc.o' failed
[4.887s] make[2]: *** [src/CMakeFiles/run_localization.dir/run_localization.cc.o] Error 1
[4.887s] CMakeFiles/Makefile2:156: recipe for target 'src/CMakeFiles/run_localization.dir/all' failed
[4.887s] make[1]: *** [src/CMakeFiles/run_localization.dir/all] Error 2
[4.887s] Makefile:140: recipe for target 'all' failed
[4.887s] make: *** [all] Error 2
