[0.061s] [35m[1mScanning dependencies of target run_localization[0m
[0.085s] [ 50%] Built target run_slam
[0.104s] [ 75%] [32mBuilding CXX object src/CMakeFiles/run_localization.dir/run_localization.cc.o[0m
[2.903s] [01m[K/home/mirellameelo/openvslam/ros2/src/openvslam/src/run_localization.cc:[m[K In function â€˜[01m[Kauto publi(auto:5, auto:6)[m[Kâ€™:
[2.903s] [01m[K/home/mirellameelo/openvslam/ros2/src/openvslam/src/run_localization.cc:56:30:[m[K [01;31m[Kerror: [m[Kâ€˜[01m[Knode[m[Kâ€™ was not declared in this scope
[2.903s]      odom_msg_.header.stamp = [01;31m[Knode[m[K->now();
[2.904s]                               [01;31m[K^~~~[m[K
[2.904s] [01m[K/home/mirellameelo/openvslam/ros2/src/openvslam/src/run_localization.cc:56:30:[m[K [01;36m[Knote: [m[Ksuggested alternatives:
[2.904s] In file included from [01m[K/usr/include/yaml-cpp/node/node.h:15:0[m[K,
[2.904s]                  from [01m[K/usr/include/yaml-cpp/yaml.h:16[m[K,
[2.904s]                  from [01m[K/home/mirellameelo/openvslam/src/openvslam/camera/base.h:10[m[K,
[2.904s]                  from [01m[K/home/mirellameelo/openvslam/src/openvslam/config.h:4[m[K,
[2.904s]                  from [01m[K/home/mirellameelo/openvslam/ros2/src/openvslam/src/run_localization.cc:8[m[K:
[2.905s] [01m[K/usr/include/yaml-cpp/node/detail/iterator_fwd.h:16:7:[m[K [01;36m[Knote: [m[K  â€˜[01m[KYAML::node[m[Kâ€™
[2.905s]  class [01;36m[Knode[m[K;
[2.905s]        [01;36m[K^~~~[m[K
[2.905s] In file included from [01m[K/usr/include/yaml-cpp/node/impl.h:13:0[m[K,
[2.905s]                  from [01m[K/usr/include/yaml-cpp/yaml.h:17[m[K,
[2.905s]                  from [01m[K/home/mirellameelo/openvslam/src/openvslam/camera/base.h:10[m[K,
[2.905s]                  from [01m[K/home/mirellameelo/openvslam/src/openvslam/config.h:4[m[K,
[2.906s]                  from [01m[K/home/mirellameelo/openvslam/ros2/src/openvslam/src/run_localization.cc:8[m[K:
[2.906s] [01m[K/usr/include/yaml-cpp/node/detail/node.h:20:7:[m[K [01;36m[Knote: [m[K  â€˜[01m[KYAML::detail::node[m[Kâ€™
[2.906s]  class [01;36m[Knode[m[K : private boost::noncopyable {
[2.906s]        [01;36m[K^~~~[m[K
[2.906s] [01m[K/home/mirellameelo/openvslam/ros2/src/openvslam/src/run_localization.cc:59:5:[m[K [01;31m[Kerror: [m[Kexpected â€˜[01m[K;[m[Kâ€™ before â€˜[01m[Kodom_msg_[m[Kâ€™
[2.906s]      [01;31m[Kodom_msg_[m[K.pose.pose.orientation.x = transform_tf.getRotation().getX();
[2.906s]      [01;31m[K^~~~~~~~~[m[K
[2.907s] [01m[K/home/mirellameelo/openvslam/ros2/src/openvslam/src/run_localization.cc:63:5:[m[K [01;31m[Kerror: [m[Kexpected â€˜[01m[K;[m[Kâ€™ before â€˜[01m[Kodom_msg_[m[Kâ€™
[2.907s]      [01;31m[Kodom_msg_[m[K.pose.pose.position.x = transform_tf.getOrigin().getX();
[2.907s]      [01;31m[K^~~~~~~~~[m[K
[2.932s] /home/mirellameelo/openvslam/ros2/src/openvslam/src/run_localization.cc: In instantiation of â€˜[01m[Kauto publi(auto:5, auto:6) [with auto:5 = Eigen::Matrix<double, 4, 4>; auto:6 = std::shared_ptr<rclcpp::Publisher<nav_msgs::msg::Odometry_<std::allocator<void> >, std::allocator<void> > >][m[Kâ€™:
[2.933s] [01m[K/home/mirellameelo/openvslam/ros2/src/openvslam/src/run_localization.cc:120:37:[m[K   required from here
[2.933s] [01m[K/home/mirellameelo/openvslam/ros2/src/openvslam/src/run_localization.cc:42:33:[m[K [01;35m[Kwarning: [m[Kunused parameter â€˜[01m[Kodometry_pub_[m[Kâ€™ [[01;35m[K-Wunused-parameter[m[K]
[2.933s]  auto publi(auto cam_pose_, auto [01;35m[Kodometry_pub_[m[K){
[2.933s]                                  [01;35m[K^~~~~~~~~~~~~[m[K
[4.718s] make[2]: *** [src/CMakeFiles/run_localization.dir/run_localization.cc.o] Error 1
[4.719s] src/CMakeFiles/run_localization.dir/build.make:62: recipe for target 'src/CMakeFiles/run_localization.dir/run_localization.cc.o' failed
[4.719s] CMakeFiles/Makefile2:156: recipe for target 'src/CMakeFiles/run_localization.dir/all' failed
[4.719s] make[1]: *** [src/CMakeFiles/run_localization.dir/all] Error 2
[4.719s] Makefile:140: recipe for target 'all' failed
[4.720s] make: *** [all] Error 2
