[2.874s] [01m[K/home/mirellameelo/openvslam/ros2/src/openvslam/src/run_localization.cc:[m[K In lambda function:
[2.874s] [01m[K/home/mirellameelo/openvslam/ros2/src/openvslam/src/run_localization.cc:92:41:[m[K [01;31m[Kerror: [m[Kâ€˜[01m[Kclass openvslam::system[m[Kâ€™ has no member named â€˜[01m[Kget_current_cam_pose[m[Kâ€™
[2.874s]              const auto cam_pose_ = SLAM.[01;31m[Kget_current_cam_pose[m[K();
[2.874s]                                          [01;31m[K^~~~~~~~~~~~~~~~~~~~[m[K
[4.669s] make[2]: *** [src/CMakeFiles/run_localization.dir/run_localization.cc.o] Error 1
[4.671s] make[1]: *** [src/CMakeFiles/run_localization.dir/all] Error 2
[4.671s] make: *** [all] Error 2
