[0.019s] Invoking command in '/home/mirellameelo/openvslam/ros2/build/openvslam': CMAKE_PREFIX_PATH=${CMAKE_PREFIX_PATH}:/home/mirellameelo/ws/vision_opencv/install/opencv_tests:/opt/ros/dashing /usr/bin/cmake --build /home/mirellameelo/openvslam/ros2/build/openvslam -- -j12 -l12
[0.059s] [35m[1mScanning dependencies of target run_localization[0m
[0.083s] [ 50%] Built target run_slam
[0.102s] [ 75%] [32mBuilding CXX object src/CMakeFiles/run_localization.dir/run_localization.cc.o[0m
[3.100s] [01m[K/home/mirellameelo/openvslam/ros2/src/openvslam/src/run_localization.cc:[m[K In lambda function:
[3.100s] [01m[K/home/mirellameelo/openvslam/ros2/src/openvslam/src/run_localization.cc:121:13:[m[K [01;31m[Kerror: [m[Kâ€˜[01m[Kexec[m[Kâ€™ was not declared in this scope
[3.101s]              [01;31m[Kexec[m[K.spin_some();
[3.101s]              [01;31m[K^~~~[m[K
[3.103s] [01m[K/home/mirellameelo/openvslam/ros2/src/openvslam/src/run_localization.cc:121:13:[m[K [01;36m[Knote: [m[Ksuggested alternative: â€˜[01m[Kexecl[m[Kâ€™
[3.103s]              [01;36m[Kexec[m[K.spin_some();
[3.103s]              [01;36m[K^~~~[m[K
[3.104s]              [32m[Kexecl[m[K
[3.104s] [01m[K/home/mirellameelo/openvslam/ros2/src/openvslam/src/run_localization.cc:122:13:[m[K [01;31m[Kerror: [m[Kâ€˜[01m[Kpub_rate[m[Kâ€™ was not declared in this scope
[3.104s]              [01;31m[Kpub_rate[m[K.sleep();
[3.104s]              [01;31m[K^~~~~~~~[m[K
[3.108s] [01m[K/home/mirellameelo/openvslam/ros2/src/openvslam/src/run_localization.cc:122:13:[m[K [01;36m[Knote: [m[Ksuggested alternative: â€˜[01m[Kpwrite[m[Kâ€™
[3.108s]              [01;36m[Kpub_rate[m[K.sleep();
[3.108s]              [01;36m[K^~~~~~~~[m[K
[3.108s]              [32m[Kpwrite[m[K
[4.847s] make[2]: *** [src/CMakeFiles/run_localization.dir/run_localization.cc.o] Error 1
[4.848s] src/CMakeFiles/run_localization.dir/build.make:62: recipe for target 'src/CMakeFiles/run_localization.dir/run_localization.cc.o' failed
[4.848s] CMakeFiles/Makefile2:156: recipe for target 'src/CMakeFiles/run_localization.dir/all' failed
[4.848s] make[1]: *** [src/CMakeFiles/run_localization.dir/all] Error 2
[4.849s] make: *** [all] Error 2
[4.849s] Makefile:140: recipe for target 'all' failed
[4.850s] Invoked command in '/home/mirellameelo/openvslam/ros2/build/openvslam' returned '2': CMAKE_PREFIX_PATH=${CMAKE_PREFIX_PATH}:/home/mirellameelo/ws/vision_opencv/install/opencv_tests:/opt/ros/dashing /usr/bin/cmake --build /home/mirellameelo/openvslam/ros2/build/openvslam -- -j12 -l12
