[0.062s] [35m[1mScanning dependencies of target run_localization[0m
[0.089s] [ 50%] Built target run_slam
[0.108s] [ 75%] [32mBuilding CXX object src/CMakeFiles/run_localization.dir/run_localization.cc.o[0m
[2.978s] [01m[K/home/mirellameelo/openvslam/ros2/src/openvslam/src/run_localization.cc:[m[K In function â€˜[01m[Kvoid mono_localization(const std::shared_ptr<openvslam::config>&, const string&, const string&, const string&, bool)[m[Kâ€™:
[2.978s] [01m[K/home/mirellameelo/openvslam/ros2/src/openvslam/src/run_localization.cc:67:64:[m[K [01;31m[Kerror: [m[Kâ€˜[01m[KPose[m[Kâ€™ is not a member of â€˜[01m[Knav_msgs::msg[m[Kâ€™
[2.978s]      auto odometry_pub_ = node->create_publisher<nav_msgs::msg::[01;31m[KPose[m[K>("/pose", 1);
[2.978s]                                                                 [01;31m[K^~~~[m[K
[2.978s] [01m[K/home/mirellameelo/openvslam/ros2/src/openvslam/src/run_localization.cc:67:64:[m[K [01;36m[Knote: [m[Ksuggested alternative:
[2.978s] In file included from [01m[K/opt/ros/dashing/include/geometry_msgs/msg/pose_with_covariance__struct.hpp:29:0[m[K,
[2.978s]                  from [01m[K/opt/ros/dashing/include/nav_msgs/msg/odometry__struct.hpp:31[m[K,
[2.978s]                  from [01m[K/opt/ros/dashing/include/nav_msgs/msg/odometry.hpp:7[m[K,
[2.978s]                  from [01m[K/home/mirellameelo/openvslam/ros2/src/openvslam/src/run_localization.cc:15[m[K:
[2.978s] [01m[K/opt/ros/dashing/include/geometry_msgs/msg/pose__struct.hpp:145:50:[m[K [01;36m[Knote: [m[K  â€˜[01m[Kgeometry_msgs::msg::Pose[m[Kâ€™
[2.979s]    geometry_msgs::msg::Pose_<std::allocator<void>>[01;36m[K;[m[K
[2.979s]                                                   [01;36m[K^[m[K
[2.979s] [01m[K/home/mirellameelo/openvslam/ros2/src/openvslam/src/run_localization.cc:67:80:[m[K [01;31m[Kerror: [m[Kno matching function for call to â€˜[01m[Krclcpp::Node::create_publisher<<expression error> >(const char [6], int)[m[Kâ€™
[2.979s]    auto odometry_pub_ = node->create_publisher<nav_msgs::msg::Pose>("/pose", 1[01;31m[K)[m[K;
[2.979s]                                                                               [01;31m[K^[m[K
[2.979s] In file included from [01m[K/opt/ros/dashing/include/rclcpp/executors/single_threaded_executor.hpp:28:0[m[K,
[2.979s]                  from [01m[K/opt/ros/dashing/include/rclcpp/executors.hpp:22[m[K,
[2.979s]                  from [01m[K/opt/ros/dashing/include/rclcpp/rclcpp.hpp:144[m[K,
[2.979s]                  from [01m[K/home/mirellameelo/openvslam/ros2/src/openvslam/src/run_localization.cc:14[m[K:
[2.979s] [01m[K/opt/ros/dashing/include/rclcpp/node.hpp:177:3:[m[K [01;36m[Knote: [m[Kcandidate: template<class MessageT, class AllocatorT, class PublisherT> std::shared_ptr<PublisherT> rclcpp::Node::create_publisher(const string&, const rclcpp::QoS&, const rclcpp::PublisherOptionsWithAllocator<AllocatorT>&)
[2.979s]    [01;36m[Kcreate_publisher[m[K(
[2.979s]    [01;36m[K^~~~~~~~~~~~~~~~[m[K
[2.979s] [01m[K/opt/ros/dashing/include/rclcpp/node.hpp:177:3:[m[K [01;36m[Knote: [m[K  template argument deduction/substitution failed:
[2.979s] [01m[K/home/mirellameelo/openvslam/ros2/src/openvslam/src/run_localization.cc:67:80:[m[K [01;31m[Kerror: [m[Ktemplate argument 1 is invalid
[2.979s]    auto odometry_pub_ = node->create_publisher<nav_msgs::msg::Pose>("/pose", 1[01;31m[K)[m[K;
[2.979s]                                                                               [01;31m[K^[m[K
[2.979s] In file included from [01m[K/opt/ros/dashing/include/rclcpp/executors/single_threaded_executor.hpp:28:0[m[K,
[2.980s]                  from [01m[K/opt/ros/dashing/include/rclcpp/executors.hpp:22[m[K,
[2.980s]                  from [01m[K/opt/ros/dashing/include/rclcpp/rclcpp.hpp:144[m[K,
[2.980s]                  from [01m[K/home/mirellameelo/openvslam/ros2/src/openvslam/src/run_localization.cc:14[m[K:
[2.980s] [01m[K/opt/ros/dashing/include/rclcpp/node.hpp:198:3:[m[K [01;36m[Knote: [m[Kcandidate: template<class MessageT, class AllocatorT, class PublisherT> std::shared_ptr<PublisherT> rclcpp::Node::create_publisher(const string&, size_t, std::shared_ptr<_Up>)
[2.980s]    [01;36m[Kcreate_publisher[m[K(
[2.980s]    [01;36m[K^~~~~~~~~~~~~~~~[m[K
[2.980s] [01m[K/opt/ros/dashing/include/rclcpp/node.hpp:198:3:[m[K [01;36m[Knote: [m[K  template argument deduction/substitution failed:
[2.980s] [01m[K/home/mirellameelo/openvslam/ros2/src/openvslam/src/run_localization.cc:67:80:[m[K [01;31m[Kerror: [m[Ktemplate argument 1 is invalid
[2.980s]    auto odometry_pub_ = node->create_publisher<nav_msgs::msg::Pose>("/pose", 1[01;31m[K)[m[K;
[2.980s]                                                                               [01;31m[K^[m[K
[2.980s] In file included from [01m[K/opt/ros/dashing/include/rclcpp/executors/single_threaded_executor.hpp:28:0[m[K,
[2.980s]                  from [01m[K/opt/ros/dashing/include/rclcpp/executors.hpp:22[m[K,
[2.980s]                  from [01m[K/opt/ros/dashing/include/rclcpp/rclcpp.hpp:144[m[K,
[2.980s]                  from [01m[K/home/mirellameelo/openvslam/ros2/src/openvslam/src/run_localization.cc:14[m[K:
[2.980s] [01m[K/opt/ros/dashing/include/rclcpp/node.hpp:217:3:[m[K [01;36m[Knote: [m[Kcandidate: template<class MessageT, class AllocatorT, class PublisherT> std::shared_ptr<PublisherT> rclcpp::Node::create_publisher(const string&, const rmw_qos_profile_t&, std::shared_ptr<_Up>)
[2.980s]    [01;36m[Kcreate_publisher[m[K(
[2.980s]    [01;36m[K^~~~~~~~~~~~~~~~[m[K
[2.980s] [01m[K/opt/ros/dashing/include/rclcpp/node.hpp:217:3:[m[K [01;36m[Knote: [m[K  template argument deduction/substitution failed:
[2.980s] [01m[K/home/mirellameelo/openvslam/ros2/src/openvslam/src/run_localization.cc:67:80:[m[K [01;31m[Kerror: [m[Ktemplate argument 1 is invalid
[2.981s]    auto odometry_pub_ = node->create_publisher<nav_msgs::msg::Pose>("/pose", 1[01;31m[K)[m[K;
[2.981s]                                                                               [01;31m[K^[m[K
[4.558s] src/CMakeFiles/run_localization.dir/build.make:62: recipe for target 'src/CMakeFiles/run_localization.dir/run_localization.cc.o' failed
[4.559s] make[2]: *** [src/CMakeFiles/run_localization.dir/run_localization.cc.o] Error 1
[4.559s] make[1]: *** [src/CMakeFiles/run_localization.dir/all] Error 2
[4.559s] CMakeFiles/Makefile2:156: recipe for target 'src/CMakeFiles/run_localization.dir/all' failed
[4.559s] Makefile:140: recipe for target 'all' failed
[4.559s] make: *** [all] Error 2
