[0.057s] [35m[1mScanning dependencies of target run_localization[0m
[0.088s] [ 50%] Built target run_slam
[0.104s] [ 75%] [32mBuilding CXX object src/CMakeFiles/run_localization.dir/run_localization.cc.o[0m
[2.944s] [01m[K/home/mirellameelo/openvslam/ros2/src/openvslam/src/run_localization.cc:[m[K In function â€˜[01m[Kvoid mono_localization(const std::shared_ptr<openvslam::config>&, const string&, const string&, const string&, bool)[m[Kâ€™:
[2.944s] [01m[K/home/mirellameelo/openvslam/ros2/src/openvslam/src/run_localization.cc:70:56:[m[K [01;31m[Kerror: [m[Kcannot convert â€˜[01m[Kstd::chrono::_V2::steady_clock::time_point {aka std::chrono::time_point<std::chrono::_V2::steady_clock, std::chrono::duration<long int, std::ratio<1, 1000000000> > >}[m[Kâ€™ to â€˜[01m[Kconst double[m[Kâ€™ in initialization
[2.944s]      const double tp_0 = std::chrono::steady_clock::now([01;31m[K)[m[K;
[2.945s]                                                         [01;31m[K^[m[K
[2.950s] [01m[K/home/mirellameelo/openvslam/ros2/src/openvslam/src/run_localization.cc:[m[K In lambda function:
[2.950s] [01m[K/home/mirellameelo/openvslam/ros2/src/openvslam/src/run_localization.cc:84:13:[m[K [01;31m[Kerror: [m[Kâ€˜[01m[Kmytime[m[Kâ€™ was not declared in this scope
[2.950s]              [01;31m[Kmytime[m[K(tp_1, tp_0)
[2.950s]              [01;31m[K^~~~~~[m[K
[2.953s] [01m[K/home/mirellameelo/openvslam/ros2/src/openvslam/src/run_localization.cc:84:13:[m[K [01;36m[Knote: [m[Ksuggested alternative: â€˜[01m[Kmktime[m[Kâ€™
[2.953s]              [01;36m[Kmytime[m[K(tp_1, tp_0)
[2.953s]              [01;36m[K^~~~~~[m[K
[2.953s]              [32m[Kmktime[m[K
[2.954s] [01m[K/home/mirellameelo/openvslam/ros2/src/openvslam/src/run_localization.cc:82:92:[m[K [01;35m[Kwarning: [m[Kunused parameter â€˜[01m[Kmsg[m[Kâ€™ [[01;35m[K-Wunused-parameter[m[K]
[2.954s]          node.get(), "camera/image_raw", [&](const sensor_msgs::msg::Image::ConstSharedPtr& [01;35m[Kmsg[m[K) {
[2.954s]                                                                                             [01;35m[K^~~[m[K
[4.716s] src/CMakeFiles/run_localization.dir/build.make:62: recipe for target 'src/CMakeFiles/run_localization.dir/run_localization.cc.o' failed
[4.716s] make[2]: *** [src/CMakeFiles/run_localization.dir/run_localization.cc.o] Error 1
[4.717s] make[1]: *** [src/CMakeFiles/run_localization.dir/all] Error 2
[4.717s] CMakeFiles/Makefile2:156: recipe for target 'src/CMakeFiles/run_localization.dir/all' failed
[4.717s] Makefile:140: recipe for target 'all' failed
[4.717s] make: *** [all] Error 2
