[3.199s] [01m[K/home/mirellameelo/openvslam/ros2/src/openvslam/src/run_localization.cc:[m[K In function â€˜[01m[Kvoid mono_localization(const std::shared_ptr<openvslam::config>&, const string&, const string&, const string&, bool)[m[Kâ€™:
[3.199s] [01m[K/home/mirellameelo/openvslam/ros2/src/openvslam/src/run_localization.cc:67:64:[m[K [01;31m[Kerror: [m[Kâ€˜[01m[KString[m[Kâ€™ is not a member of â€˜[01m[Kstd_msgs::msg[m[Kâ€™
[3.200s]      auto odometry_pub_ = node->create_publisher<std_msgs::msg::[01;31m[KString[m[K>("pose", 1);
[3.200s]                                                                 [01;31m[K^~~~~~[m[K
[3.200s] [01m[K/home/mirellameelo/openvslam/ros2/src/openvslam/src/run_localization.cc:67:64:[m[K [01;36m[Knote: [m[Ksuggested alternative:
[3.200s] In file included from [01m[K/usr/local/include/opencv2/core/types.hpp:57:0[m[K,
[3.200s]                  from [01m[K/home/mirellameelo/openvslam/src/openvslam/type.h:12[m[K,
[3.200s]                  from [01m[K/home/mirellameelo/openvslam/src/pangolin_viewer/viewer.h:6[m[K,
[3.200s]                  from [01m[K/home/mirellameelo/openvslam/ros2/src/openvslam/src/run_localization.cc:2[m[K:
[3.200s] [01m[K/usr/local/include/opencv2/core/cvstd.hpp:458:18:[m[K [01;36m[Knote: [m[K  â€˜[01m[Kcv::String[m[Kâ€™
[3.200s]  class CV_EXPORTS [01;36m[KString[m[K
[3.200s]                   [01;36m[K^~~~~~[m[K
[3.200s] [01m[K/home/mirellameelo/openvslam/ros2/src/openvslam/src/run_localization.cc:67:81:[m[K [01;31m[Kerror: [m[Kno matching function for call to â€˜[01m[Krclcpp::Node::create_publisher<<expression error> >(const char [5], int)[m[Kâ€™
[3.200s]      auto odometry_pub_ = node->create_publisher<std_msgs::msg::String>("pose", 1[01;31m[K)[m[K;
[3.200s]                                                                                  [01;31m[K^[m[K
[3.200s] In file included from [01m[K/opt/ros/dashing/include/rclcpp/executors/single_threaded_executor.hpp:28:0[m[K,
[3.200s]                  from [01m[K/opt/ros/dashing/include/rclcpp/executors.hpp:22[m[K,
[3.201s]                  from [01m[K/opt/ros/dashing/include/rclcpp/rclcpp.hpp:144[m[K,
[3.201s]                  from [01m[K/home/mirellameelo/openvslam/ros2/src/openvslam/src/run_localization.cc:14[m[K:
[3.201s] [01m[K/opt/ros/dashing/include/rclcpp/node.hpp:177:3:[m[K [01;36m[Knote: [m[Kcandidate: template<class MessageT, class AllocatorT, class PublisherT> std::shared_ptr<PublisherT> rclcpp::Node::create_publisher(const string&, const rclcpp::QoS&, const rclcpp::PublisherOptionsWithAllocator<AllocatorT>&)
[3.201s]    [01;36m[Kcreate_publisher[m[K(
[3.201s]    [01;36m[K^~~~~~~~~~~~~~~~[m[K
[3.201s] [01m[K/opt/ros/dashing/include/rclcpp/node.hpp:177:3:[m[K [01;36m[Knote: [m[K  template argument deduction/substitution failed:
[3.201s] [01m[K/home/mirellameelo/openvslam/ros2/src/openvslam/src/run_localization.cc:67:81:[m[K [01;31m[Kerror: [m[Ktemplate argument 1 is invalid
[3.201s]      auto odometry_pub_ = node->create_publisher<std_msgs::msg::String>("pose", 1[01;31m[K)[m[K;
[3.201s]                                                                                  [01;31m[K^[m[K
[3.201s] In file included from [01m[K/opt/ros/dashing/include/rclcpp/executors/single_threaded_executor.hpp:28:0[m[K,
[3.201s]                  from [01m[K/opt/ros/dashing/include/rclcpp/executors.hpp:22[m[K,
[3.201s]                  from [01m[K/opt/ros/dashing/include/rclcpp/rclcpp.hpp:144[m[K,
[3.201s]                  from [01m[K/home/mirellameelo/openvslam/ros2/src/openvslam/src/run_localization.cc:14[m[K:
[3.201s] [01m[K/opt/ros/dashing/include/rclcpp/node.hpp:198:3:[m[K [01;36m[Knote: [m[Kcandidate: template<class MessageT, class AllocatorT, class PublisherT> std::shared_ptr<PublisherT> rclcpp::Node::create_publisher(const string&, size_t, std::shared_ptr<_Up>)
[3.201s]    [01;36m[Kcreate_publisher[m[K(
[3.201s]    [01;36m[K^~~~~~~~~~~~~~~~[m[K
[3.201s] [01m[K/opt/ros/dashing/include/rclcpp/node.hpp:198:3:[m[K [01;36m[Knote: [m[K  template argument deduction/substitution failed:
[3.201s] [01m[K/home/mirellameelo/openvslam/ros2/src/openvslam/src/run_localization.cc:67:81:[m[K [01;31m[Kerror: [m[Ktemplate argument 1 is invalid
[3.201s]      auto odometry_pub_ = node->create_publisher<std_msgs::msg::String>("pose", 1[01;31m[K)[m[K;
[3.202s]                                                                                  [01;31m[K^[m[K
[3.202s] In file included from [01m[K/opt/ros/dashing/include/rclcpp/executors/single_threaded_executor.hpp:28:0[m[K,
[3.202s]                  from [01m[K/opt/ros/dashing/include/rclcpp/executors.hpp:22[m[K,
[3.202s]                  from [01m[K/opt/ros/dashing/include/rclcpp/rclcpp.hpp:144[m[K,
[3.202s]                  from [01m[K/home/mirellameelo/openvslam/ros2/src/openvslam/src/run_localization.cc:14[m[K:
[3.202s] [01m[K/opt/ros/dashing/include/rclcpp/node.hpp:217:3:[m[K [01;36m[Knote: [m[Kcandidate: template<class MessageT, class AllocatorT, class PublisherT> std::shared_ptr<PublisherT> rclcpp::Node::create_publisher(const string&, const rmw_qos_profile_t&, std::shared_ptr<_Up>)
[3.202s]    [01;36m[Kcreate_publisher[m[K(
[3.202s]    [01;36m[K^~~~~~~~~~~~~~~~[m[K
[3.202s] [01m[K/opt/ros/dashing/include/rclcpp/node.hpp:217:3:[m[K [01;36m[Knote: [m[K  template argument deduction/substitution failed:
[3.202s] [01m[K/home/mirellameelo/openvslam/ros2/src/openvslam/src/run_localization.cc:67:81:[m[K [01;31m[Kerror: [m[Ktemplate argument 1 is invalid
[3.202s]      auto odometry_pub_ = node->create_publisher<std_msgs::msg::String>("pose", 1[01;31m[K)[m[K;
[3.202s]                                                                                  [01;31m[K^[m[K
[4.762s] make[2]: *** [src/CMakeFiles/run_localization.dir/run_localization.cc.o] Error 1
[4.764s] make[1]: *** [src/CMakeFiles/run_localization.dir/all] Error 2
[4.764s] make: *** [all] Error 2
