[0.021s] Invoking command in '/home/mirellameelo/openvslam/ros2/build/openvslam': CMAKE_PREFIX_PATH=${CMAKE_PREFIX_PATH}:/home/mirellameelo/ws/vision_opencv/install/opencv_tests:/opt/ros/dashing /usr/bin/cmake --build /home/mirellameelo/openvslam/ros2/build/openvslam -- -j12 -l12
[0.044s] -- Root directory of OpenVSLAM: /home/mirellameelo/openvslam
[0.044s] -- Source directory of OpenVSLAM: /home/mirellameelo/openvslam/src
[0.044s] -- Library directory of OpenVSLAM: /home/mirellameelo/openvslam/build/lib
[0.045s] -- Build type: Release
[0.045s] -- Address/Memory sanitizer: DISABLED
[0.045s] -- Stack trace logger: DISABLED
[0.045s] -- Google Perftools: DISABLED
[0.045s] -- Architecture-aware optimization (-march=native): DISABLED
[0.045s] -- C++11 support: OK (-std=c++17)
[0.045s] -- Found ament_cmake: 0.7.4 (/opt/ros/dashing/share/ament_cmake/cmake)
[0.073s] -- Using PYTHON_EXECUTABLE: /usr/bin/python3
[0.238s] -- Override CMake install command with custom implementation using symlinks instead of copying resources
[0.242s] -- Found rclcpp: 0.7.13 (/opt/ros/dashing/share/rclcpp/cmake)
[0.252s] -- Found rosidl_adapter: 0.7.9 (/opt/ros/dashing/share/rosidl_adapter/cmake)
[0.275s] -- Found rmw_implementation_cmake: 0.7.2 (/opt/ros/dashing/share/rmw_implementation_cmake/cmake)
[0.277s] -- Using RMW implementation 'rmw_fastrtps_cpp' as default
[0.296s] -- Found cv_bridge: 2.1.3 (/home/mirellameelo/ws/vision_opencv/install/cv_bridge/share/cv_bridge/cmake)
[0.302s] -- Found image_transport: 2.1.1 (/home/mirellameelo/ws/image_common-dashing/install/image_transport/share/image_transport/cmake)
[0.335s] -- Found tinyxml2_vendor:  (/opt/ros/dashing/share/tinyxml2_vendor/cmake)
[0.343s] -- Found poco_vendor:  (/opt/ros/dashing/share/poco_vendor/cmake)
[0.348s] -- Found nav_msgs: 0.7.0 (/opt/ros/dashing/share/nav_msgs/cmake)
[0.360s] -- Use OpenCV 3.4.0
[0.362s] -- BoW framework: DBoW2 (found in /usr/local/include)
[0.363s] -- Viewer for examples: pangolin viewer
[0.480s] -- Configuring done
[0.516s] -- Generating done
[0.518s] -- Build files have been written to: /home/mirellameelo/openvslam/ros2/build/openvslam
[0.540s] [35m[1mScanning dependencies of target run_localization[0m
[0.563s] [ 50%] Built target run_slam
[0.575s] [ 75%] [32mBuilding CXX object src/CMakeFiles/run_localization.dir/run_localization.cc.o[0m
[3.199s] [01m[K/home/mirellameelo/openvslam/ros2/src/openvslam/src/run_localization.cc:[m[K In function â€˜[01m[Kvoid mono_localization(const std::shared_ptr<openvslam::config>&, const string&, const string&, const string&, bool)[m[Kâ€™:
[3.199s] [01m[K/home/mirellameelo/openvslam/ros2/src/openvslam/src/run_localization.cc:67:64:[m[K [01;31m[Kerror: [m[Kâ€˜[01m[KString[m[Kâ€™ is not a member of â€˜[01m[Kstd_msgs::msg[m[Kâ€™
[3.200s]      auto odometry_pub_ = node->create_publisher<std_msgs::msg::[01;31m[KString[m[K>("pose", 1);
[3.200s]                                                                 [01;31m[K^~~~~~[m[K
[3.200s] [01m[K/home/mirellameelo/openvslam/ros2/src/openvslam/src/run_localization.cc:67:64:[m[K [01;36m[Knote: [m[Ksuggested alternative:
[3.200s] In file included from [01m[K/usr/local/include/opencv2/core/types.hpp:57:0[m[K,
[3.200s]                  from [01m[K/home/mirellameelo/openvslam/src/openvslam/type.h:12[m[K,
[3.200s]                  from [01m[K/home/mirellameelo/openvslam/src/pangolin_viewer/viewer.h:6[m[K,
[3.200s]                  from [01m[K/home/mirellameelo/openvslam/ros2/src/openvslam/src/run_localization.cc:2[m[K:
[3.200s] [01m[K/usr/local/include/opencv2/core/cvstd.hpp:458:18:[m[K [01;36m[Knote: [m[K  â€˜[01m[Kcv::String[m[Kâ€™
[3.200s]  class CV_EXPORTS [01;36m[KString[m[K
[3.200s]                   [01;36m[K^~~~~~[m[K
[3.200s] [01m[K/home/mirellameelo/openvslam/ros2/src/openvslam/src/run_localization.cc:67:81:[m[K [01;31m[Kerror: [m[Kno matching function for call to â€˜[01m[Krclcpp::Node::create_publisher<<expression error> >(const char [5], int)[m[Kâ€™
[3.200s]      auto odometry_pub_ = node->create_publisher<std_msgs::msg::String>("pose", 1[01;31m[K)[m[K;
[3.200s]                                                                                  [01;31m[K^[m[K
[3.200s] In file included from [01m[K/opt/ros/dashing/include/rclcpp/executors/single_threaded_executor.hpp:28:0[m[K,
[3.200s]                  from [01m[K/opt/ros/dashing/include/rclcpp/executors.hpp:22[m[K,
[3.201s]                  from [01m[K/opt/ros/dashing/include/rclcpp/rclcpp.hpp:144[m[K,
[3.201s]                  from [01m[K/home/mirellameelo/openvslam/ros2/src/openvslam/src/run_localization.cc:14[m[K:
[3.201s] [01m[K/opt/ros/dashing/include/rclcpp/node.hpp:177:3:[m[K [01;36m[Knote: [m[Kcandidate: template<class MessageT, class AllocatorT, class PublisherT> std::shared_ptr<PublisherT> rclcpp::Node::create_publisher(const string&, const rclcpp::QoS&, const rclcpp::PublisherOptionsWithAllocator<AllocatorT>&)
[3.201s]    [01;36m[Kcreate_publisher[m[K(
[3.201s]    [01;36m[K^~~~~~~~~~~~~~~~[m[K
[3.201s] [01m[K/opt/ros/dashing/include/rclcpp/node.hpp:177:3:[m[K [01;36m[Knote: [m[K  template argument deduction/substitution failed:
[3.201s] [01m[K/home/mirellameelo/openvslam/ros2/src/openvslam/src/run_localization.cc:67:81:[m[K [01;31m[Kerror: [m[Ktemplate argument 1 is invalid
[3.201s]      auto odometry_pub_ = node->create_publisher<std_msgs::msg::String>("pose", 1[01;31m[K)[m[K;
[3.201s]                                                                                  [01;31m[K^[m[K
[3.201s] In file included from [01m[K/opt/ros/dashing/include/rclcpp/executors/single_threaded_executor.hpp:28:0[m[K,
[3.201s]                  from [01m[K/opt/ros/dashing/include/rclcpp/executors.hpp:22[m[K,
[3.201s]                  from [01m[K/opt/ros/dashing/include/rclcpp/rclcpp.hpp:144[m[K,
[3.201s]                  from [01m[K/home/mirellameelo/openvslam/ros2/src/openvslam/src/run_localization.cc:14[m[K:
[3.201s] [01m[K/opt/ros/dashing/include/rclcpp/node.hpp:198:3:[m[K [01;36m[Knote: [m[Kcandidate: template<class MessageT, class AllocatorT, class PublisherT> std::shared_ptr<PublisherT> rclcpp::Node::create_publisher(const string&, size_t, std::shared_ptr<_Up>)
[3.201s]    [01;36m[Kcreate_publisher[m[K(
[3.201s]    [01;36m[K^~~~~~~~~~~~~~~~[m[K
[3.201s] [01m[K/opt/ros/dashing/include/rclcpp/node.hpp:198:3:[m[K [01;36m[Knote: [m[K  template argument deduction/substitution failed:
[3.201s] [01m[K/home/mirellameelo/openvslam/ros2/src/openvslam/src/run_localization.cc:67:81:[m[K [01;31m[Kerror: [m[Ktemplate argument 1 is invalid
[3.201s]      auto odometry_pub_ = node->create_publisher<std_msgs::msg::String>("pose", 1[01;31m[K)[m[K;
[3.202s]                                                                                  [01;31m[K^[m[K
[3.202s] In file included from [01m[K/opt/ros/dashing/include/rclcpp/executors/single_threaded_executor.hpp:28:0[m[K,
[3.202s]                  from [01m[K/opt/ros/dashing/include/rclcpp/executors.hpp:22[m[K,
[3.202s]                  from [01m[K/opt/ros/dashing/include/rclcpp/rclcpp.hpp:144[m[K,
[3.202s]                  from [01m[K/home/mirellameelo/openvslam/ros2/src/openvslam/src/run_localization.cc:14[m[K:
[3.202s] [01m[K/opt/ros/dashing/include/rclcpp/node.hpp:217:3:[m[K [01;36m[Knote: [m[Kcandidate: template<class MessageT, class AllocatorT, class PublisherT> std::shared_ptr<PublisherT> rclcpp::Node::create_publisher(const string&, const rmw_qos_profile_t&, std::shared_ptr<_Up>)
[3.202s]    [01;36m[Kcreate_publisher[m[K(
[3.202s]    [01;36m[K^~~~~~~~~~~~~~~~[m[K
[3.202s] [01m[K/opt/ros/dashing/include/rclcpp/node.hpp:217:3:[m[K [01;36m[Knote: [m[K  template argument deduction/substitution failed:
[3.202s] [01m[K/home/mirellameelo/openvslam/ros2/src/openvslam/src/run_localization.cc:67:81:[m[K [01;31m[Kerror: [m[Ktemplate argument 1 is invalid
[3.202s]      auto odometry_pub_ = node->create_publisher<std_msgs::msg::String>("pose", 1[01;31m[K)[m[K;
[3.202s]                                                                                  [01;31m[K^[m[K
[4.762s] make[2]: *** [src/CMakeFiles/run_localization.dir/run_localization.cc.o] Error 1
[4.763s] src/CMakeFiles/run_localization.dir/build.make:62: recipe for target 'src/CMakeFiles/run_localization.dir/run_localization.cc.o' failed
[4.763s] CMakeFiles/Makefile2:156: recipe for target 'src/CMakeFiles/run_localization.dir/all' failed
[4.764s] make[1]: *** [src/CMakeFiles/run_localization.dir/all] Error 2
[4.764s] Makefile:140: recipe for target 'all' failed
[4.764s] make: *** [all] Error 2
[4.765s] Invoked command in '/home/mirellameelo/openvslam/ros2/build/openvslam' returned '2': CMAKE_PREFIX_PATH=${CMAKE_PREFIX_PATH}:/home/mirellameelo/ws/vision_opencv/install/opencv_tests:/opt/ros/dashing /usr/bin/cmake --build /home/mirellameelo/openvslam/ros2/build/openvslam -- -j12 -l12
