[0.015s] Invoking command in '/home/mirellameelo/openvslam/ros2/build/openvslam': CMAKE_PREFIX_PATH=${CMAKE_PREFIX_PATH}:/home/mirellameelo/ws/vision_opencv/install/opencv_tests:/opt/ros/dashing /usr/bin/cmake /home/mirellameelo/openvslam/ros2/src/openvslam -DAMENT_CMAKE_SYMLINK_INSTALL=1 -DCMAKE_INSTALL_PREFIX=/home/mirellameelo/openvslam/ros2/install/openvslam
[0.065s] -- The CXX compiler identification is GNU 7.5.0
[0.094s] -- The C compiler identification is GNU 7.5.0
[0.096s] -- Check for working CXX compiler: /usr/bin/c++
[0.154s] -- Check for working CXX compiler: /usr/bin/c++ -- works
[0.154s] -- Detecting CXX compiler ABI info
[0.211s] -- Detecting CXX compiler ABI info - done
[0.214s] -- Detecting CXX compile features
[0.452s] -- Detecting CXX compile features - done
[0.454s] -- Check for working C compiler: /usr/bin/cc
[0.503s] -- Check for working C compiler: /usr/bin/cc -- works
[0.504s] -- Detecting C compiler ABI info
[0.552s] -- Detecting C compiler ABI info - done
[0.555s] -- Detecting C compile features
[0.702s] -- Detecting C compile features - done
[0.703s] -- Root directory of OpenVSLAM: /home/mirellameelo/openvslam
[0.703s] -- Source directory of OpenVSLAM: /home/mirellameelo/openvslam/src
[0.703s] -- Library directory of OpenVSLAM: /home/mirellameelo/openvslam/build/lib
[0.703s] -- Build type: Release
[0.703s] -- Address/Memory sanitizer: DISABLED
[0.703s] -- Stack trace logger: DISABLED
[0.703s] -- Google Perftools: DISABLED
[0.704s] -- Architecture-aware optimization (-march=native): DISABLED
[0.704s] -- Performing Test COMPILER_SUPPORTS_CXX17
[0.763s] -- Performing Test COMPILER_SUPPORTS_CXX17 - Success
[0.763s] -- Performing Test COMPILER_SUPPORTS_CXX14
[0.818s] -- Performing Test COMPILER_SUPPORTS_CXX14 - Success
[0.818s] -- Performing Test COMPILER_SUPPORTS_CXX11
[0.875s] -- Performing Test COMPILER_SUPPORTS_CXX11 - Success
[0.875s] -- Performing Test COMPILER_SUPPORTS_CXX0X
[0.931s] -- Performing Test COMPILER_SUPPORTS_CXX0X - Success
[0.932s] -- C++11 support: OK (-std=c++17)
[0.934s] -- Found ament_cmake: 0.7.4 (/opt/ros/dashing/share/ament_cmake/cmake)
[0.963s] -- Found PythonInterp: /usr/bin/python3 (found suitable version "3.6.9", minimum required is "3") 
[0.963s] -- Using PYTHON_EXECUTABLE: /usr/bin/python3
[1.109s] -- Override CMake install command with custom implementation using symlinks instead of copying resources
[1.133s] -- Found rclcpp: 0.7.13 (/opt/ros/dashing/share/rclcpp/cmake)
[1.156s] -- Found rosidl_adapter: 0.7.9 (/opt/ros/dashing/share/rosidl_adapter/cmake)
[1.194s] -- Found rmw_implementation_cmake: 0.7.2 (/opt/ros/dashing/share/rmw_implementation_cmake/cmake)
[1.196s] -- Using RMW implementation 'rmw_fastrtps_cpp' as default
[1.196s] -- Looking for pthread.h
[1.247s] -- Looking for pthread.h - found
[1.247s] -- Looking for pthread_create
[1.299s] -- Looking for pthread_create - not found
[1.300s] -- Looking for pthread_create in pthreads
[1.345s] -- Looking for pthread_create in pthreads - not found
[1.345s] -- Looking for pthread_create in pthread
[1.393s] -- Looking for pthread_create in pthread - found
[1.394s] -- Found Threads: TRUE  
[1.421s] -- Found cv_bridge: 2.1.3 (/home/mirellameelo/ws/vision_opencv/install/cv_bridge/share/cv_bridge/cmake)
[1.431s] -- Found image_transport: 2.1.1 (/home/mirellameelo/ws/image_common-dashing/install/image_transport/share/image_transport/cmake)
[1.472s] -- Found tinyxml2_vendor:  (/opt/ros/dashing/share/tinyxml2_vendor/cmake)
[1.483s] -- Found TinyXML2: /usr/lib/x86_64-linux-gnu/libtinyxml2.so  
[1.490s] -- Found poco_vendor:  (/opt/ros/dashing/share/poco_vendor/cmake)
[1.503s] -- Use OpenCV 3.4.0
[1.506s] -- Found Eigen3: /usr/local/include/eigen3 (Required is at least version "3.3") 
[1.510s] -- BoW framework: DBoW2 (found in /usr/local/include)
[1.510s] -- Viewer for examples: pangolin viewer
[1.594s] -- Configuring done
[1.629s] -- Generating done
[1.630s] -- Build files have been written to: /home/mirellameelo/openvslam/ros2/build/openvslam
[1.634s] Invoked command in '/home/mirellameelo/openvslam/ros2/build/openvslam' returned '0': CMAKE_PREFIX_PATH=${CMAKE_PREFIX_PATH}:/home/mirellameelo/ws/vision_opencv/install/opencv_tests:/opt/ros/dashing /usr/bin/cmake /home/mirellameelo/openvslam/ros2/src/openvslam -DAMENT_CMAKE_SYMLINK_INSTALL=1 -DCMAKE_INSTALL_PREFIX=/home/mirellameelo/openvslam/ros2/install/openvslam
[1.636s] Invoking command in '/home/mirellameelo/openvslam/ros2/build/openvslam': CMAKE_PREFIX_PATH=${CMAKE_PREFIX_PATH}:/home/mirellameelo/ws/vision_opencv/install/opencv_tests:/opt/ros/dashing /usr/bin/cmake --build /home/mirellameelo/openvslam/ros2/build/openvslam -- -j12 -l12
[1.668s] [35m[1mScanning dependencies of target run_localization[0m
[1.669s] [35m[1mScanning dependencies of target run_slam[0m
[1.750s] [ 25%] [32mBuilding CXX object src/CMakeFiles/run_localization.dir/run_localization.cc.o[0m
[1.758s] [ 50%] [32mBuilding CXX object src/CMakeFiles/run_slam.dir/run_slam.cc.o[0m
[5.647s] [01m[K/home/mirellameelo/openvslam/ros2/src/openvslam/src/run_slam.cc:[m[K In function â€˜[01m[Kvoid mono_tracking(const std::shared_ptr<openvslam::config>&, const string&, const string&, bool, const string&)[m[Kâ€™:
[5.648s] [01m[K/home/mirellameelo/openvslam/ros2/src/openvslam/src/run_slam.cc:124:14:[m[K [01;31m[Kerror: [m[Kâ€˜[01m[Kclass openvslam::system[m[Kâ€™ has no member named â€˜[01m[Ksave_landmarks_and_timestamp[m[Kâ€™
[5.648s]          SLAM.[01;31m[Ksave_landmarks_and_timestamp[m[K("/home/mirellameelo/openvslam/ros2/maps/landmarks_and_timestamp.json");
[5.648s]               [01;31m[K^~~~~~~~~~~~~~~~~~~~~~~~~~~~[m[K
[9.293s] make[2]: *** [src/CMakeFiles/run_slam.dir/run_slam.cc.o] Error 1
[9.293s] src/CMakeFiles/run_slam.dir/build.make:62: recipe for target 'src/CMakeFiles/run_slam.dir/run_slam.cc.o' failed
[9.293s] CMakeFiles/Makefile2:119: recipe for target 'src/CMakeFiles/run_slam.dir/all' failed
[9.293s] make[1]: *** [src/CMakeFiles/run_slam.dir/all] Error 2
[9.293s] make[1]: *** Waiting for unfinished jobs....
[9.904s] [ 75%] [32m[1mLinking CXX executable run_localization[0m
[10.311s] [ 75%] Built target run_localization
[10.312s] Makefile:140: recipe for target 'all' failed
[10.312s] make: *** [all] Error 2
[10.313s] Invoked command in '/home/mirellameelo/openvslam/ros2/build/openvslam' returned '2': CMAKE_PREFIX_PATH=${CMAKE_PREFIX_PATH}:/home/mirellameelo/ws/vision_opencv/install/opencv_tests:/opt/ros/dashing /usr/bin/cmake --build /home/mirellameelo/openvslam/ros2/build/openvslam -- -j12 -l12
